2024-10-01 17:21:27.795 +02:00 [INF] Applying migration '20240919113820_InitDb'.
2024-10-01 17:21:27.810 +02:00 [ERR] Failed executing DbCommand (0ms) [Parameters=[], CommandType='"Text"', CommandTimeout='30']
CREATE TABLE "Customers" (
    "CustomerId" INTEGER NOT NULL CONSTRAINT "PK_Customers" PRIMARY KEY AUTOINCREMENT,
    "Name" TEXT NOT NULL,
    "Address" TEXT NULL
);
2024-10-01 17:24:20.130 +02:00 [INF] User profile is available. Using '/Users/haraldeskeland/.aspnet/DataProtection-Keys' as key repository; keys will not be encrypted at rest.
2024-10-01 17:24:20.148 +02:00 [INF] Now listening on: http://localhost:5237
2024-10-01 17:24:20.149 +02:00 [INF] Application started. Press Ctrl+C to shut down.
2024-10-01 17:24:20.149 +02:00 [INF] Hosting environment: Development
2024-10-01 17:24:20.149 +02:00 [INF] Content root path: /Users/haraldeskeland/Documents/SKOLE/3.år/WebApp/ukesoppgaver/FoodHub
2024-10-01 17:24:22.868 +02:00 [INF] Application is shutting down...
2024-10-01 17:25:17.871 +02:00 [INF] User profile is available. Using '/Users/haraldeskeland/.aspnet/DataProtection-Keys' as key repository; keys will not be encrypted at rest.
2024-10-01 17:25:17.889 +02:00 [INF] Now listening on: http://localhost:5237
2024-10-01 17:25:17.890 +02:00 [INF] Application started. Press Ctrl+C to shut down.
2024-10-01 17:25:17.890 +02:00 [INF] Hosting environment: Development
2024-10-01 17:25:17.890 +02:00 [INF] Content root path: /Users/haraldeskeland/Documents/SKOLE/3.år/WebApp/ukesoppgaver/FoodHub
2024-10-01 17:25:19.961 +02:00 [INF] Application is shutting down...
2024-10-01 17:27:36.929 +02:00 [INF] User profile is available. Using '/Users/haraldeskeland/.aspnet/DataProtection-Keys' as key repository; keys will not be encrypted at rest.
2024-10-01 17:27:36.948 +02:00 [INF] Now listening on: http://localhost:5237
2024-10-01 17:27:36.949 +02:00 [INF] Application started. Press Ctrl+C to shut down.
2024-10-01 17:27:36.949 +02:00 [INF] Hosting environment: Development
2024-10-01 17:27:36.949 +02:00 [INF] Content root path: /Users/haraldeskeland/Documents/SKOLE/3.år/WebApp/ukesoppgaver/FoodHub
2024-10-01 17:27:47.458 +02:00 [INF] Application is shutting down...
2024-10-01 17:29:27.706 +02:00 [INF] Applying migration '20240919113820_InitDb'.
2024-10-01 17:29:27.722 +02:00 [ERR] Failed executing DbCommand (1ms) [Parameters=[], CommandType='"Text"', CommandTimeout='30']
CREATE TABLE "Customers" (
    "CustomerId" INTEGER NOT NULL CONSTRAINT "PK_Customers" PRIMARY KEY AUTOINCREMENT,
    "Name" TEXT NOT NULL,
    "Address" TEXT NULL
);
2024-10-01 17:30:15.193 +02:00 [INF] User profile is available. Using '/Users/haraldeskeland/.aspnet/DataProtection-Keys' as key repository; keys will not be encrypted at rest.
2024-10-01 17:30:15.212 +02:00 [INF] Now listening on: http://localhost:5237
2024-10-01 17:30:15.213 +02:00 [INF] Application started. Press Ctrl+C to shut down.
2024-10-01 17:30:15.213 +02:00 [INF] Hosting environment: Development
2024-10-01 17:30:15.213 +02:00 [INF] Content root path: /Users/haraldeskeland/Documents/SKOLE/3.år/WebApp/ukesoppgaver/FoodHub
2024-10-01 17:30:20.823 +02:00 [INF] Application is shutting down...
2024-10-01 17:30:40.828 +02:00 [INF] User profile is available. Using '/Users/haraldeskeland/.aspnet/DataProtection-Keys' as key repository; keys will not be encrypted at rest.
2024-10-01 17:30:40.845 +02:00 [INF] Now listening on: http://localhost:5237
2024-10-01 17:30:40.847 +02:00 [INF] Application started. Press Ctrl+C to shut down.
2024-10-01 17:30:40.847 +02:00 [INF] Hosting environment: Development
2024-10-01 17:30:40.847 +02:00 [INF] Content root path: /Users/haraldeskeland/Documents/SKOLE/3.år/WebApp/ukesoppgaver/FoodHub
2024-10-01 17:30:44.072 +02:00 [INF] Application is shutting down...
2024-10-01 17:30:49.073 +02:00 [INF] Applying migration '20240919113820_InitDb'.
2024-10-01 17:30:49.088 +02:00 [ERR] Failed executing DbCommand (0ms) [Parameters=[], CommandType='"Text"', CommandTimeout='30']
CREATE TABLE "Customers" (
    "CustomerId" INTEGER NOT NULL CONSTRAINT "PK_Customers" PRIMARY KEY AUTOINCREMENT,
    "Name" TEXT NOT NULL,
    "Address" TEXT NULL
);
2024-10-01 17:51:59.913 +02:00 [INF] User profile is available. Using '/Users/haraldeskeland/.aspnet/DataProtection-Keys' as key repository; keys will not be encrypted at rest.
2024-10-01 17:51:59.962 +02:00 [INF] Now listening on: http://localhost:5237
2024-10-01 17:51:59.963 +02:00 [INF] Application started. Press Ctrl+C to shut down.
2024-10-01 17:51:59.963 +02:00 [INF] Hosting environment: Development
2024-10-01 17:51:59.963 +02:00 [INF] Content root path: /Users/haraldeskeland/Documents/SKOLE/3.år/WebApp/ukesoppgaver/FoodHub
2024-10-01 17:52:03.820 +02:00 [INF] Request starting HTTP/1.1 GET http://localhost:5237/ - null null
2024-10-01 17:52:03.833 +02:00 [INF] Executing endpoint 'FoodHub.Controllers.HomeController.Index (FoodHub)'
2024-10-01 17:52:03.836 +02:00 [INF] Route matched with {action = "Index", controller = "Home", page = "", area = ""}. Executing controller action with signature Microsoft.AspNetCore.Mvc.IActionResult Index() on controller FoodHub.Controllers.HomeController (FoodHub).
2024-10-01 17:52:03.838 +02:00 [INF] Executing ViewResult, running view Index.
2024-10-01 17:52:03.867 +02:00 [INF] Executed ViewResult - view Index executed in 28.7452ms.
2024-10-01 17:52:03.867 +02:00 [INF] Executed action FoodHub.Controllers.HomeController.Index (FoodHub) in 31.1425ms
2024-10-01 17:52:03.867 +02:00 [INF] Executed endpoint 'FoodHub.Controllers.HomeController.Index (FoodHub)'
2024-10-01 17:52:03.868 +02:00 [INF] Request finished HTTP/1.1 GET http://localhost:5237/ - 200 null text/html; charset=utf-8 49.2415ms
2024-10-01 17:52:03.871 +02:00 [INF] Request starting HTTP/1.1 GET http://localhost:5237/js/bootstrap.js - null null
2024-10-01 17:52:03.871 +02:00 [INF] Request starting HTTP/1.1 GET http://localhost:5237/js/jquery-min.js - null null
2024-10-01 17:52:03.871 +02:00 [INF] Request starting HTTP/1.1 GET http://localhost:5237/css/site.css - null null
2024-10-01 17:52:03.872 +02:00 [INF] Request starting HTTP/1.1 GET http://localhost:5237/lib/jquery-validate/jquery.validate.js - null null
2024-10-01 17:52:03.872 +02:00 [INF] Request starting HTTP/1.1 GET http://localhost:5237/lib/jquery-validation-unobtrusive/jquery.validate.unobtrusive.js - null null
2024-10-01 17:52:03.872 +02:00 [INF] Request starting HTTP/1.1 GET http://localhost:5237/images/pizza.jpg - null null
2024-10-01 17:52:03.874 +02:00 [INF] Request finished HTTP/1.1 GET http://localhost:5237/js/jquery-min.js - 404 0 null 2.1145ms
2024-10-01 17:52:03.874 +02:00 [INF] Request finished HTTP/1.1 GET http://localhost:5237/lib/jquery-validate/jquery.validate.js - 404 0 null 1.915ms
2024-10-01 17:52:03.874 +02:00 [INF] Request finished HTTP/1.1 GET http://localhost:5237/lib/jquery-validation-unobtrusive/jquery.validate.unobtrusive.js - 404 0 null 1.9115ms
2024-10-01 17:52:03.874 +02:00 [INF] Request reached the end of the middleware pipeline without being handled by application code. Request path: GET http://localhost:5237/lib/jquery-validation-unobtrusive/jquery.validate.unobtrusive.js, Response status code: 404
2024-10-01 17:52:03.874 +02:00 [INF] Request reached the end of the middleware pipeline without being handled by application code. Request path: GET http://localhost:5237/lib/jquery-validate/jquery.validate.js, Response status code: 404
2024-10-01 17:52:03.874 +02:00 [INF] Request reached the end of the middleware pipeline without being handled by application code. Request path: GET http://localhost:5237/js/jquery-min.js, Response status code: 404
2024-10-01 17:52:03.874 +02:00 [INF] Request starting HTTP/1.1 GET http://localhost:5237/images/fishandchips.jpg - null null
2024-10-01 17:52:03.876 +02:00 [INF] Sending file. Request path: '/css/site.css'. Physical path: '/Users/haraldeskeland/Documents/SKOLE/3.år/WebApp/ukesoppgaver/FoodHub/wwwroot/css/site.css'
2024-10-01 17:52:03.876 +02:00 [INF] Request finished HTTP/1.1 GET http://localhost:5237/css/site.css - 200 2868 text/css 4.4261ms
2024-10-01 17:52:03.876 +02:00 [INF] Sending file. Request path: '/js/bootstrap.js'. Physical path: '/Users/haraldeskeland/Documents/SKOLE/3.år/WebApp/ukesoppgaver/FoodHub/wwwroot/js/bootstrap.js'
2024-10-01 17:52:03.876 +02:00 [INF] Sending file. Request path: '/images/fishandchips.jpg'. Physical path: '/Users/haraldeskeland/Documents/SKOLE/3.år/WebApp/ukesoppgaver/FoodHub/wwwroot/images/fishandchips.jpg'
2024-10-01 17:52:03.876 +02:00 [INF] Sending file. Request path: '/images/pizza.jpg'. Physical path: '/Users/haraldeskeland/Documents/SKOLE/3.år/WebApp/ukesoppgaver/FoodHub/wwwroot/images/pizza.jpg'
2024-10-01 17:52:03.877 +02:00 [INF] Request finished HTTP/1.1 GET http://localhost:5237/images/pizza.jpg - 200 127421 image/jpeg 4.8782ms
2024-10-01 17:52:03.877 +02:00 [INF] Request finished HTTP/1.1 GET http://localhost:5237/js/bootstrap.js - 200 145401 text/javascript 5.1602ms
2024-10-01 17:52:03.877 +02:00 [INF] Request finished HTTP/1.1 GET http://localhost:5237/images/fishandchips.jpg - 200 100023 image/jpeg 2.3511ms
2024-10-01 17:52:03.877 +02:00 [INF] Request starting HTTP/1.1 GET http://localhost:5237/images/tacos.jpg - null null
2024-10-01 17:52:03.879 +02:00 [INF] Sending file. Request path: '/images/tacos.jpg'. Physical path: '/Users/haraldeskeland/Documents/SKOLE/3.år/WebApp/ukesoppgaver/FoodHub/wwwroot/images/tacos.jpg'
2024-10-01 17:52:03.879 +02:00 [INF] Request finished HTTP/1.1 GET http://localhost:5237/images/tacos.jpg - 200 118763 image/jpeg 1.4985ms
2024-10-01 17:52:04.025 +02:00 [INF] Request starting HTTP/1.1 GET http://localhost:5237/favicon.ico - null null
2024-10-01 17:52:04.026 +02:00 [INF] Request finished HTTP/1.1 GET http://localhost:5237/favicon.ico - 404 0 null 0.7133ms
2024-10-01 17:52:04.026 +02:00 [INF] Request reached the end of the middleware pipeline without being handled by application code. Request path: GET http://localhost:5237/favicon.ico, Response status code: 404
2024-10-01 17:52:15.209 +02:00 [INF] Request starting HTTP/1.1 GET http://localhost:5237/Identity/Account/Register - null null
2024-10-01 17:52:15.211 +02:00 [INF] Executing endpoint '/Account/Register'
2024-10-01 17:52:15.229 +02:00 [INF] Route matched with {page = "/Account/Register", area = "Identity", action = "", controller = ""}. Executing page /Account/Register
2024-10-01 17:52:15.243 +02:00 [INF] Executing handler method FoodHub.Areas.Identity.Pages.Account.RegisterModel.OnGetAsync - ModelState is "Valid"
2024-10-01 17:52:15.246 +02:00 [INF] Executed handler method OnGetAsync, returned result .
2024-10-01 17:52:15.248 +02:00 [INF] Executing an implicit handler method - ModelState is "Valid"
2024-10-01 17:52:15.248 +02:00 [INF] Executed an implicit handler method, returned result Microsoft.AspNetCore.Mvc.RazorPages.PageResult.
2024-10-01 17:52:15.273 +02:00 [INF] Executed page /Account/Register in 43.8177ms
2024-10-01 17:52:15.273 +02:00 [INF] Executed endpoint '/Account/Register'
2024-10-01 17:52:15.274 +02:00 [INF] Request finished HTTP/1.1 GET http://localhost:5237/Identity/Account/Register - 200 null text/html; charset=utf-8 64.2513ms
2024-10-01 17:52:15.283 +02:00 [INF] Request starting HTTP/1.1 GET http://localhost:5237/js/jquery-min.js - null null
2024-10-01 17:52:15.284 +02:00 [INF] Request finished HTTP/1.1 GET http://localhost:5237/js/jquery-min.js - 404 0 null 0.9377ms
2024-10-01 17:52:15.284 +02:00 [INF] Request reached the end of the middleware pipeline without being handled by application code. Request path: GET http://localhost:5237/js/jquery-min.js, Response status code: 404
2024-10-01 17:52:15.285 +02:00 [INF] Request starting HTTP/1.1 GET http://localhost:5237/lib/jquery-validate/jquery.validate.js - null null
2024-10-01 17:52:15.285 +02:00 [INF] Request starting HTTP/1.1 GET http://localhost:5237/lib/jquery-validation-unobtrusive/jquery.validate.unobtrusive.js - null null
2024-10-01 17:52:15.285 +02:00 [INF] Request finished HTTP/1.1 GET http://localhost:5237/lib/jquery-validate/jquery.validate.js - 404 0 null 0.2682ms
2024-10-01 17:52:15.285 +02:00 [INF] Request starting HTTP/1.1 GET http://localhost:5237/lib/jquery-validation-unobtrusive/jquery.validate.unobtrusive.min.js - null null
2024-10-01 17:52:15.285 +02:00 [INF] Request starting HTTP/1.1 GET http://localhost:5237/lib/jquery-validation/dist/jquery.validate.min.js - null null
2024-10-01 17:52:15.285 +02:00 [INF] Request finished HTTP/1.1 GET http://localhost:5237/lib/jquery-validation-unobtrusive/jquery.validate.unobtrusive.js - 404 0 null 0.1929ms
2024-10-01 17:52:15.285 +02:00 [INF] Request reached the end of the middleware pipeline without being handled by application code. Request path: GET http://localhost:5237/lib/jquery-validate/jquery.validate.js, Response status code: 404
2024-10-01 17:52:15.285 +02:00 [INF] Request reached the end of the middleware pipeline without being handled by application code. Request path: GET http://localhost:5237/lib/jquery-validation-unobtrusive/jquery.validate.unobtrusive.js, Response status code: 404
2024-10-01 17:52:15.285 +02:00 [INF] Request finished HTTP/1.1 GET http://localhost:5237/lib/jquery-validation-unobtrusive/jquery.validate.unobtrusive.min.js - 404 0 null 0.2799ms
2024-10-01 17:52:15.285 +02:00 [INF] Request finished HTTP/1.1 GET http://localhost:5237/lib/jquery-validation/dist/jquery.validate.min.js - 404 0 null 0.2697ms
2024-10-01 17:52:15.285 +02:00 [INF] Request reached the end of the middleware pipeline without being handled by application code. Request path: GET http://localhost:5237/lib/jquery-validation-unobtrusive/jquery.validate.unobtrusive.min.js, Response status code: 404
2024-10-01 17:52:15.285 +02:00 [INF] Request reached the end of the middleware pipeline without being handled by application code. Request path: GET http://localhost:5237/lib/jquery-validation/dist/jquery.validate.min.js, Response status code: 404
2024-10-01 17:52:35.669 +02:00 [INF] Request starting HTTP/1.1 POST http://localhost:5237/Identity/Account/Register - application/x-www-form-urlencoded 296
2024-10-01 17:52:35.676 +02:00 [INF] Executing endpoint '/Account/Register'
2024-10-01 17:52:35.677 +02:00 [INF] Route matched with {page = "/Account/Register", area = "Identity", action = "", controller = ""}. Executing page /Account/Register
2024-10-01 17:52:35.699 +02:00 [INF] Executing handler method FoodHub.Areas.Identity.Pages.Account.RegisterModel.OnPostAsync - ModelState is "Valid"
2024-10-01 17:52:35.704 +02:00 [INF] Executed handler method OnPostAsync, returned result Microsoft.AspNetCore.Mvc.RazorPages.PageResult.
2024-10-01 17:52:35.707 +02:00 [INF] Executed page /Account/Register in 30.314ms
2024-10-01 17:52:35.707 +02:00 [INF] Executed endpoint '/Account/Register'
2024-10-01 17:52:35.707 +02:00 [INF] Request finished HTTP/1.1 POST http://localhost:5237/Identity/Account/Register - 200 null text/html; charset=utf-8 37.9045ms
2024-10-01 17:52:35.714 +02:00 [INF] Request starting HTTP/1.1 GET http://localhost:5237/js/jquery-min.js - null null
2024-10-01 17:52:35.715 +02:00 [INF] Request finished HTTP/1.1 GET http://localhost:5237/js/jquery-min.js - 404 0 null 0.4343ms
2024-10-01 17:52:35.715 +02:00 [INF] Request reached the end of the middleware pipeline without being handled by application code. Request path: GET http://localhost:5237/js/jquery-min.js, Response status code: 404
2024-10-01 17:52:35.715 +02:00 [INF] Request starting HTTP/1.1 GET http://localhost:5237/lib/jquery-validate/jquery.validate.js - null null
2024-10-01 17:52:35.715 +02:00 [INF] Request finished HTTP/1.1 GET http://localhost:5237/lib/jquery-validate/jquery.validate.js - 404 0 null 0.2685ms
2024-10-01 17:52:35.715 +02:00 [INF] Request reached the end of the middleware pipeline without being handled by application code. Request path: GET http://localhost:5237/lib/jquery-validate/jquery.validate.js, Response status code: 404
2024-10-01 17:52:35.715 +02:00 [INF] Request starting HTTP/1.1 GET http://localhost:5237/lib/jquery-validation-unobtrusive/jquery.validate.unobtrusive.js - null null
2024-10-01 17:52:35.716 +02:00 [INF] Request starting HTTP/1.1 GET http://localhost:5237/lib/jquery-validation/dist/jquery.validate.min.js - null null
2024-10-01 17:52:35.716 +02:00 [INF] Request starting HTTP/1.1 GET http://localhost:5237/lib/jquery-validation-unobtrusive/jquery.validate.unobtrusive.min.js - null null
2024-10-01 17:52:35.716 +02:00 [INF] Request finished HTTP/1.1 GET http://localhost:5237/lib/jquery-validation/dist/jquery.validate.min.js - 404 0 null 0.1924ms
2024-10-01 17:52:35.716 +02:00 [INF] Request reached the end of the middleware pipeline without being handled by application code. Request path: GET http://localhost:5237/lib/jquery-validation/dist/jquery.validate.min.js, Response status code: 404
2024-10-01 17:52:35.716 +02:00 [INF] Request finished HTTP/1.1 GET http://localhost:5237/lib/jquery-validation-unobtrusive/jquery.validate.unobtrusive.js - 404 0 null 0.4202ms
2024-10-01 17:52:35.716 +02:00 [INF] Request reached the end of the middleware pipeline without being handled by application code. Request path: GET http://localhost:5237/lib/jquery-validation-unobtrusive/jquery.validate.unobtrusive.js, Response status code: 404
2024-10-01 17:52:35.716 +02:00 [INF] Request finished HTTP/1.1 GET http://localhost:5237/lib/jquery-validation-unobtrusive/jquery.validate.unobtrusive.min.js - 404 0 null 0.3902ms
2024-10-01 17:52:35.716 +02:00 [INF] Request reached the end of the middleware pipeline without being handled by application code. Request path: GET http://localhost:5237/lib/jquery-validation-unobtrusive/jquery.validate.unobtrusive.min.js, Response status code: 404
2024-10-01 17:52:49.773 +02:00 [INF] Request starting HTTP/1.1 POST http://localhost:5237/Identity/Account/Register - application/x-www-form-urlencoded 284
2024-10-01 17:52:49.774 +02:00 [INF] Executing endpoint '/Account/Register'
2024-10-01 17:52:49.774 +02:00 [INF] Route matched with {page = "/Account/Register", area = "Identity", action = "", controller = ""}. Executing page /Account/Register
2024-10-01 17:52:49.777 +02:00 [INF] Executing handler method FoodHub.Areas.Identity.Pages.Account.RegisterModel.OnPostAsync - ModelState is "Valid"
2024-10-01 17:52:49.914 +02:00 [INF] User created a new account with password.
2024-10-01 17:52:49.923 +02:00 [INF] AuthenticationScheme: Identity.Application signed in.
2024-10-01 17:52:49.923 +02:00 [INF] Executed handler method OnPostAsync, returned result Microsoft.AspNetCore.Mvc.LocalRedirectResult.
2024-10-01 17:52:49.923 +02:00 [INF] Executing LocalRedirectResult, redirecting to /.
2024-10-01 17:52:49.923 +02:00 [INF] Executed page /Account/Register in 148.7121ms
2024-10-01 17:52:49.923 +02:00 [INF] Executed endpoint '/Account/Register'
2024-10-01 17:52:49.924 +02:00 [INF] Request finished HTTP/1.1 POST http://localhost:5237/Identity/Account/Register - 302 0 null 150.623ms
2024-10-01 17:52:49.926 +02:00 [INF] Request starting HTTP/1.1 GET http://localhost:5237/ - null null
2024-10-01 17:52:49.927 +02:00 [INF] Executing endpoint 'FoodHub.Controllers.HomeController.Index (FoodHub)'
2024-10-01 17:52:49.927 +02:00 [INF] Route matched with {action = "Index", controller = "Home", page = "", area = ""}. Executing controller action with signature Microsoft.AspNetCore.Mvc.IActionResult Index() on controller FoodHub.Controllers.HomeController (FoodHub).
2024-10-01 17:52:49.927 +02:00 [INF] Executing ViewResult, running view Index.
2024-10-01 17:52:49.928 +02:00 [INF] Executed ViewResult - view Index executed in 0.8646ms.
2024-10-01 17:52:49.928 +02:00 [INF] Executed action FoodHub.Controllers.HomeController.Index (FoodHub) in 0.9689ms
2024-10-01 17:52:49.928 +02:00 [INF] Executed endpoint 'FoodHub.Controllers.HomeController.Index (FoodHub)'
2024-10-01 17:52:49.928 +02:00 [INF] Request finished HTTP/1.1 GET http://localhost:5237/ - 200 null text/html; charset=utf-8 1.8654ms
2024-10-01 17:52:49.938 +02:00 [INF] Request starting HTTP/1.1 GET http://localhost:5237/js/jquery-min.js - null null
2024-10-01 17:52:49.939 +02:00 [INF] Request starting HTTP/1.1 GET http://localhost:5237/lib/jquery-validate/jquery.validate.js - null null
2024-10-01 17:52:49.939 +02:00 [INF] Request starting HTTP/1.1 GET http://localhost:5237/lib/jquery-validation-unobtrusive/jquery.validate.unobtrusive.js - null null
2024-10-01 17:52:49.939 +02:00 [INF] Request finished HTTP/1.1 GET http://localhost:5237/js/jquery-min.js - 404 0 null 0.7706ms
2024-10-01 17:52:49.939 +02:00 [INF] Request reached the end of the middleware pipeline without being handled by application code. Request path: GET http://localhost:5237/js/jquery-min.js, Response status code: 404
2024-10-01 17:52:49.940 +02:00 [INF] Request finished HTTP/1.1 GET http://localhost:5237/lib/jquery-validate/jquery.validate.js - 404 0 null 0.8834ms
2024-10-01 17:52:49.940 +02:00 [INF] Request reached the end of the middleware pipeline without being handled by application code. Request path: GET http://localhost:5237/lib/jquery-validate/jquery.validate.js, Response status code: 404
2024-10-01 17:52:49.940 +02:00 [INF] Request finished HTTP/1.1 GET http://localhost:5237/lib/jquery-validation-unobtrusive/jquery.validate.unobtrusive.js - 404 0 null 0.9475ms
2024-10-01 17:52:49.940 +02:00 [INF] Request reached the end of the middleware pipeline without being handled by application code. Request path: GET http://localhost:5237/lib/jquery-validation-unobtrusive/jquery.validate.unobtrusive.js, Response status code: 404
2024-10-01 18:09:39.774 +02:00 [INF] Application is shutting down...
2024-10-01 18:09:44.618 +02:00 [INF] User profile is available. Using '/Users/haraldeskeland/.aspnet/DataProtection-Keys' as key repository; keys will not be encrypted at rest.
2024-10-01 18:09:44.666 +02:00 [INF] Now listening on: http://localhost:5237
2024-10-01 18:09:44.667 +02:00 [INF] Application started. Press Ctrl+C to shut down.
2024-10-01 18:09:44.667 +02:00 [INF] Hosting environment: Development
2024-10-01 18:09:44.667 +02:00 [INF] Content root path: /Users/haraldeskeland/Documents/SKOLE/3.år/WebApp/ukesoppgaver/FoodHub
2024-10-01 18:09:51.126 +02:00 [INF] Request starting HTTP/1.1 POST http://localhost:5237/Item/Create - application/x-www-form-urlencoded 425
2024-10-01 18:09:51.152 +02:00 [INF] Authorization failed. These requirements were not met:
DenyAnonymousAuthorizationRequirement: Requires an authenticated user.
2024-10-01 18:09:51.155 +02:00 [INF] AuthenticationScheme: Identity.Application was challenged.
2024-10-01 18:09:51.156 +02:00 [INF] Request finished HTTP/1.1 POST http://localhost:5237/Item/Create - 302 0 null 32.4373ms
2024-10-01 18:09:51.160 +02:00 [INF] Request starting HTTP/1.1 GET http://localhost:5237/Identity/Account/Login?ReturnUrl=%2FItem%2FCreate - null null
2024-10-01 18:09:51.169 +02:00 [INF] Executing endpoint '/Account/Login'
2024-10-01 18:09:51.178 +02:00 [INF] Route matched with {page = "/Account/Login", area = "Identity", action = "", controller = ""}. Executing page /Account/Login
2024-10-01 18:09:51.184 +02:00 [INF] Executing handler method FoodHub.Areas.Identity.Pages.Account.LoginModel.OnGetAsync - ModelState is "Valid"
2024-10-01 18:09:51.186 +02:00 [INF] AuthenticationScheme: Identity.External signed out.
2024-10-01 18:09:51.186 +02:00 [INF] Executed handler method OnGetAsync, returned result .
2024-10-01 18:09:51.187 +02:00 [INF] Executing an implicit handler method - ModelState is "Valid"
2024-10-01 18:09:51.187 +02:00 [INF] Executed an implicit handler method, returned result Microsoft.AspNetCore.Mvc.RazorPages.PageResult.
2024-10-01 18:09:51.219 +02:00 [INF] Executed page /Account/Login in 40.4629ms
2024-10-01 18:09:51.219 +02:00 [INF] Executed endpoint '/Account/Login'
2024-10-01 18:09:51.220 +02:00 [INF] Request finished HTTP/1.1 GET http://localhost:5237/Identity/Account/Login?ReturnUrl=%2FItem%2FCreate - 200 null text/html; charset=utf-8 60.6016ms
2024-10-01 18:09:51.236 +02:00 [INF] Request starting HTTP/1.1 GET http://localhost:5237/js/jquery-min.js - null null
2024-10-01 18:09:51.238 +02:00 [INF] Request starting HTTP/1.1 GET http://localhost:5237/lib/jquery-validate/jquery.validate.js - null null
2024-10-01 18:09:51.238 +02:00 [INF] Request starting HTTP/1.1 GET http://localhost:5237/lib/jquery-validation-unobtrusive/jquery.validate.unobtrusive.js - null null
2024-10-01 18:09:51.238 +02:00 [INF] Request starting HTTP/1.1 GET http://localhost:5237/lib/jquery-validation/dist/jquery.validate.min.js - null null
2024-10-01 18:09:51.238 +02:00 [INF] Request finished HTTP/1.1 GET http://localhost:5237/js/jquery-min.js - 404 0 null 1.9551ms
2024-10-01 18:09:51.238 +02:00 [INF] Request reached the end of the middleware pipeline without being handled by application code. Request path: GET http://localhost:5237/js/jquery-min.js, Response status code: 404
2024-10-01 18:09:51.238 +02:00 [INF] Request finished HTTP/1.1 GET http://localhost:5237/lib/jquery-validation-unobtrusive/jquery.validate.unobtrusive.js - 404 0 null 0.3369ms
2024-10-01 18:09:51.238 +02:00 [INF] Request finished HTTP/1.1 GET http://localhost:5237/lib/jquery-validation/dist/jquery.validate.min.js - 404 0 null 0.3488ms
2024-10-01 18:09:51.238 +02:00 [INF] Request finished HTTP/1.1 GET http://localhost:5237/lib/jquery-validate/jquery.validate.js - 404 0 null 0.5308ms
2024-10-01 18:09:51.238 +02:00 [INF] Request reached the end of the middleware pipeline without being handled by application code. Request path: GET http://localhost:5237/lib/jquery-validation-unobtrusive/jquery.validate.unobtrusive.js, Response status code: 404
2024-10-01 18:09:51.238 +02:00 [INF] Request starting HTTP/1.1 GET http://localhost:5237/lib/jquery-validation-unobtrusive/jquery.validate.unobtrusive.min.js - null null
2024-10-01 18:09:51.238 +02:00 [INF] Request reached the end of the middleware pipeline without being handled by application code. Request path: GET http://localhost:5237/lib/jquery-validation/dist/jquery.validate.min.js, Response status code: 404
2024-10-01 18:09:51.238 +02:00 [INF] Request reached the end of the middleware pipeline without being handled by application code. Request path: GET http://localhost:5237/lib/jquery-validate/jquery.validate.js, Response status code: 404
2024-10-01 18:09:51.242 +02:00 [INF] Request finished HTTP/1.1 GET http://localhost:5237/lib/jquery-validation-unobtrusive/jquery.validate.unobtrusive.min.js - 404 0 null 3.8953ms
2024-10-01 18:09:51.242 +02:00 [INF] Request reached the end of the middleware pipeline without being handled by application code. Request path: GET http://localhost:5237/lib/jquery-validation-unobtrusive/jquery.validate.unobtrusive.min.js, Response status code: 404
2024-10-01 18:09:52.514 +02:00 [INF] Request starting HTTP/1.1 GET http://localhost:5237/ - null null
2024-10-01 18:09:52.516 +02:00 [INF] Executing endpoint 'FoodHub.Controllers.HomeController.Index (FoodHub)'
2024-10-01 18:09:52.523 +02:00 [INF] Route matched with {action = "Index", controller = "Home", page = "", area = ""}. Executing controller action with signature Microsoft.AspNetCore.Mvc.IActionResult Index() on controller FoodHub.Controllers.HomeController (FoodHub).
2024-10-01 18:09:52.528 +02:00 [INF] Executing ViewResult, running view Index.
2024-10-01 18:09:52.540 +02:00 [INF] Executed ViewResult - view Index executed in 14.5747ms.
2024-10-01 18:09:52.541 +02:00 [INF] Executed action FoodHub.Controllers.HomeController.Index (FoodHub) in 16.9895ms
2024-10-01 18:09:52.541 +02:00 [INF] Executed endpoint 'FoodHub.Controllers.HomeController.Index (FoodHub)'
2024-10-01 18:09:52.541 +02:00 [INF] Request finished HTTP/1.1 GET http://localhost:5237/ - 200 null text/html; charset=utf-8 26.693ms
2024-10-01 18:09:52.551 +02:00 [INF] Request starting HTTP/1.1 GET http://localhost:5237/js/jquery-min.js - null null
2024-10-01 18:09:52.552 +02:00 [INF] Request starting HTTP/1.1 GET http://localhost:5237/lib/jquery-validate/jquery.validate.js - null null
2024-10-01 18:09:52.552 +02:00 [INF] Request starting HTTP/1.1 GET http://localhost:5237/lib/jquery-validation-unobtrusive/jquery.validate.unobtrusive.js - null null
2024-10-01 18:09:52.553 +02:00 [INF] Request finished HTTP/1.1 GET http://localhost:5237/js/jquery-min.js - 404 0 null 1.4856ms
2024-10-01 18:09:52.553 +02:00 [INF] Request reached the end of the middleware pipeline without being handled by application code. Request path: GET http://localhost:5237/js/jquery-min.js, Response status code: 404
2024-10-01 18:09:52.553 +02:00 [INF] Request finished HTTP/1.1 GET http://localhost:5237/lib/jquery-validate/jquery.validate.js - 404 0 null 1.1859ms
2024-10-01 18:09:52.553 +02:00 [INF] Request finished HTTP/1.1 GET http://localhost:5237/lib/jquery-validation-unobtrusive/jquery.validate.unobtrusive.js - 404 0 null 1.2667ms
2024-10-01 18:09:52.553 +02:00 [INF] Request reached the end of the middleware pipeline without being handled by application code. Request path: GET http://localhost:5237/lib/jquery-validate/jquery.validate.js, Response status code: 404
2024-10-01 18:09:52.553 +02:00 [INF] Request reached the end of the middleware pipeline without being handled by application code. Request path: GET http://localhost:5237/lib/jquery-validation-unobtrusive/jquery.validate.unobtrusive.js, Response status code: 404
2024-10-01 18:09:54.004 +02:00 [INF] Request starting HTTP/1.1 GET http://localhost:5237/Identity/Account/Manage - null null
2024-10-01 18:09:54.011 +02:00 [INF] Executing endpoint '/Account/Manage/Index'
2024-10-01 18:09:54.017 +02:00 [INF] Route matched with {page = "/Account/Manage/Index", area = "Identity", action = "", controller = ""}. Executing page /Account/Manage/Index
2024-10-01 18:09:54.018 +02:00 [INF] Executing handler method FoodHub.Areas.Identity.Pages.Account.Manage.IndexModel.OnGetAsync - ModelState is "Valid"
2024-10-01 18:09:54.087 +02:00 [INF] Executed handler method OnGetAsync, returned result Microsoft.AspNetCore.Mvc.RazorPages.PageResult.
2024-10-01 18:09:54.093 +02:00 [INF] Executed page /Account/Manage/Index in 75.8194ms
2024-10-01 18:09:54.093 +02:00 [INF] Executed endpoint '/Account/Manage/Index'
2024-10-01 18:09:54.095 +02:00 [INF] Request finished HTTP/1.1 GET http://localhost:5237/Identity/Account/Manage - 200 null text/html; charset=utf-8 90.089ms
2024-10-01 18:09:54.118 +02:00 [INF] Request starting HTTP/1.1 GET http://localhost:5237/js/jquery-min.js - null null
2024-10-01 18:09:54.118 +02:00 [INF] Request finished HTTP/1.1 GET http://localhost:5237/js/jquery-min.js - 404 0 null 0.49ms
2024-10-01 18:09:54.118 +02:00 [INF] Request reached the end of the middleware pipeline without being handled by application code. Request path: GET http://localhost:5237/js/jquery-min.js, Response status code: 404
2024-10-01 18:09:54.118 +02:00 [INF] Request starting HTTP/1.1 GET http://localhost:5237/lib/jquery-validate/jquery.validate.js - null null
2024-10-01 18:09:54.119 +02:00 [INF] Request starting HTTP/1.1 GET http://localhost:5237/lib/jquery-validation-unobtrusive/jquery.validate.unobtrusive.js - null null
2024-10-01 18:09:54.119 +02:00 [INF] Request starting HTTP/1.1 GET http://localhost:5237/lib/jquery-validation-unobtrusive/jquery.validate.unobtrusive.min.js - null null
2024-10-01 18:09:54.119 +02:00 [INF] Request starting HTTP/1.1 GET http://localhost:5237/lib/jquery-validation/dist/jquery.validate.min.js - null null
2024-10-01 18:09:54.119 +02:00 [INF] Request finished HTTP/1.1 GET http://localhost:5237/lib/jquery-validate/jquery.validate.js - 404 0 null 0.4261ms
2024-10-01 18:09:54.119 +02:00 [INF] Request reached the end of the middleware pipeline without being handled by application code. Request path: GET http://localhost:5237/lib/jquery-validate/jquery.validate.js, Response status code: 404
2024-10-01 18:09:54.119 +02:00 [INF] Request finished HTTP/1.1 GET http://localhost:5237/lib/jquery-validation-unobtrusive/jquery.validate.unobtrusive.js - 404 0 null 0.3731ms
2024-10-01 18:09:54.119 +02:00 [INF] Request reached the end of the middleware pipeline without being handled by application code. Request path: GET http://localhost:5237/lib/jquery-validation-unobtrusive/jquery.validate.unobtrusive.js, Response status code: 404
2024-10-01 18:09:54.119 +02:00 [INF] Request finished HTTP/1.1 GET http://localhost:5237/lib/jquery-validation/dist/jquery.validate.min.js - 404 0 null 0.4208ms
2024-10-01 18:09:54.119 +02:00 [INF] Request finished HTTP/1.1 GET http://localhost:5237/lib/jquery-validation-unobtrusive/jquery.validate.unobtrusive.min.js - 404 0 null 0.3724ms
2024-10-01 18:09:54.119 +02:00 [INF] Request reached the end of the middleware pipeline without being handled by application code. Request path: GET http://localhost:5237/lib/jquery-validation/dist/jquery.validate.min.js, Response status code: 404
2024-10-01 18:09:54.119 +02:00 [INF] Request reached the end of the middleware pipeline without being handled by application code. Request path: GET http://localhost:5237/lib/jquery-validation-unobtrusive/jquery.validate.unobtrusive.min.js, Response status code: 404
2024-10-01 18:09:57.679 +02:00 [INF] Request starting HTTP/1.1 GET http://localhost:5237/Order/Table - null null
2024-10-01 18:09:57.680 +02:00 [INF] Executing endpoint 'FoodHub.Controllers.OrderController.Table (FoodHub)'
2024-10-01 18:09:57.685 +02:00 [INF] Route matched with {action = "Table", controller = "Order", page = "", area = ""}. Executing controller action with signature System.Threading.Tasks.Task`1[Microsoft.AspNetCore.Mvc.IActionResult] Table() on controller FoodHub.Controllers.OrderController (FoodHub).
2024-10-01 18:09:57.732 +02:00 [INF] Executing ViewResult, running view Table.
2024-10-01 18:09:57.760 +02:00 [INF] Executed ViewResult - view Table executed in 28.43ms.
2024-10-01 18:09:57.760 +02:00 [INF] Executed action FoodHub.Controllers.OrderController.Table (FoodHub) in 75.3331ms
2024-10-01 18:09:57.760 +02:00 [INF] Executed endpoint 'FoodHub.Controllers.OrderController.Table (FoodHub)'
2024-10-01 18:09:57.761 +02:00 [INF] Request finished HTTP/1.1 GET http://localhost:5237/Order/Table - 200 null text/html; charset=utf-8 82.33ms
2024-10-01 18:09:57.772 +02:00 [INF] Request starting HTTP/1.1 GET http://localhost:5237/js/jquery-min.js - null null
2024-10-01 18:09:57.772 +02:00 [INF] Request starting HTTP/1.1 GET http://localhost:5237/lib/jquery-validate/jquery.validate.js - null null
2024-10-01 18:09:57.772 +02:00 [INF] Request starting HTTP/1.1 GET http://localhost:5237/lib/jquery-validation-unobtrusive/jquery.validate.unobtrusive.js - null null
2024-10-01 18:09:57.772 +02:00 [INF] Request finished HTTP/1.1 GET http://localhost:5237/js/jquery-min.js - 404 0 null 0.5564ms
2024-10-01 18:09:57.772 +02:00 [INF] Request reached the end of the middleware pipeline without being handled by application code. Request path: GET http://localhost:5237/js/jquery-min.js, Response status code: 404
2024-10-01 18:09:57.772 +02:00 [INF] Request finished HTTP/1.1 GET http://localhost:5237/lib/jquery-validation-unobtrusive/jquery.validate.unobtrusive.js - 404 0 null 0.2774ms
2024-10-01 18:09:57.772 +02:00 [INF] Request reached the end of the middleware pipeline without being handled by application code. Request path: GET http://localhost:5237/lib/jquery-validation-unobtrusive/jquery.validate.unobtrusive.js, Response status code: 404
2024-10-01 18:09:57.772 +02:00 [INF] Request finished HTTP/1.1 GET http://localhost:5237/lib/jquery-validate/jquery.validate.js - 404 0 null 0.3341ms
2024-10-01 18:09:57.773 +02:00 [INF] Request reached the end of the middleware pipeline without being handled by application code. Request path: GET http://localhost:5237/lib/jquery-validate/jquery.validate.js, Response status code: 404
2024-10-01 18:10:00.109 +02:00 [INF] Request starting HTTP/1.1 POST http://localhost:5237/Identity/Account/Logout?returnUrl=%2F - application/x-www-form-urlencoded 225
2024-10-01 18:10:00.110 +02:00 [INF] Executing endpoint '/Account/Logout'
2024-10-01 18:10:00.112 +02:00 [INF] Route matched with {page = "/Account/Logout", area = "Identity", action = "", controller = ""}. Executing page /Account/Logout
2024-10-01 18:10:00.117 +02:00 [INF] Executing handler method FoodHub.Areas.Identity.Pages.Account.LogoutModel.OnPost - ModelState is "Valid"
2024-10-01 18:10:00.118 +02:00 [INF] AuthenticationScheme: Identity.Application signed out.
2024-10-01 18:10:00.118 +02:00 [INF] AuthenticationScheme: Identity.External signed out.
2024-10-01 18:10:00.118 +02:00 [INF] AuthenticationScheme: Identity.TwoFactorUserId signed out.
2024-10-01 18:10:00.118 +02:00 [INF] User logged out.
2024-10-01 18:10:00.118 +02:00 [INF] Executed handler method OnPost, returned result Microsoft.AspNetCore.Mvc.LocalRedirectResult.
2024-10-01 18:10:00.118 +02:00 [INF] Executing LocalRedirectResult, redirecting to /.
2024-10-01 18:10:00.118 +02:00 [INF] Executed page /Account/Logout in 6.1852ms
2024-10-01 18:10:00.119 +02:00 [INF] Executed endpoint '/Account/Logout'
2024-10-01 18:10:00.119 +02:00 [INF] Request finished HTTP/1.1 POST http://localhost:5237/Identity/Account/Logout?returnUrl=%2F - 302 0 null 9.4865ms
2024-10-01 18:10:00.120 +02:00 [INF] Request starting HTTP/1.1 GET http://localhost:5237/ - null null
2024-10-01 18:10:00.120 +02:00 [INF] Executing endpoint 'FoodHub.Controllers.HomeController.Index (FoodHub)'
2024-10-01 18:10:00.121 +02:00 [INF] Route matched with {action = "Index", controller = "Home", page = "", area = ""}. Executing controller action with signature Microsoft.AspNetCore.Mvc.IActionResult Index() on controller FoodHub.Controllers.HomeController (FoodHub).
2024-10-01 18:10:00.121 +02:00 [INF] Executing ViewResult, running view Index.
2024-10-01 18:10:00.122 +02:00 [INF] Executed ViewResult - view Index executed in 1.2191ms.
2024-10-01 18:10:00.122 +02:00 [INF] Executed action FoodHub.Controllers.HomeController.Index (FoodHub) in 1.3248ms
2024-10-01 18:10:00.122 +02:00 [INF] Executed endpoint 'FoodHub.Controllers.HomeController.Index (FoodHub)'
2024-10-01 18:10:00.122 +02:00 [INF] Request finished HTTP/1.1 GET http://localhost:5237/ - 200 null text/html; charset=utf-8 1.6887ms
2024-10-01 18:10:00.138 +02:00 [INF] Request starting HTTP/1.1 GET http://localhost:5237/js/jquery-min.js - null null
2024-10-01 18:10:00.138 +02:00 [INF] Request finished HTTP/1.1 GET http://localhost:5237/js/jquery-min.js - 404 0 null 0.3557ms
2024-10-01 18:10:00.138 +02:00 [INF] Request reached the end of the middleware pipeline without being handled by application code. Request path: GET http://localhost:5237/js/jquery-min.js, Response status code: 404
2024-10-01 18:10:00.139 +02:00 [INF] Request starting HTTP/1.1 GET http://localhost:5237/lib/jquery-validate/jquery.validate.js - null null
2024-10-01 18:10:00.139 +02:00 [INF] Request starting HTTP/1.1 GET http://localhost:5237/lib/jquery-validation-unobtrusive/jquery.validate.unobtrusive.js - null null
2024-10-01 18:10:00.139 +02:00 [INF] Request finished HTTP/1.1 GET http://localhost:5237/lib/jquery-validate/jquery.validate.js - 404 0 null 0.1754ms
2024-10-01 18:10:00.139 +02:00 [INF] Request reached the end of the middleware pipeline without being handled by application code. Request path: GET http://localhost:5237/lib/jquery-validate/jquery.validate.js, Response status code: 404
2024-10-01 18:10:00.139 +02:00 [INF] Request finished HTTP/1.1 GET http://localhost:5237/lib/jquery-validation-unobtrusive/jquery.validate.unobtrusive.js - 404 0 null 0.1303ms
2024-10-01 18:10:00.139 +02:00 [INF] Request reached the end of the middleware pipeline without being handled by application code. Request path: GET http://localhost:5237/lib/jquery-validation-unobtrusive/jquery.validate.unobtrusive.js, Response status code: 404
2024-10-01 18:10:01.035 +02:00 [INF] Request starting HTTP/1.1 GET http://localhost:5237/Identity/Account/Login - null null
2024-10-01 18:10:01.035 +02:00 [INF] Executing endpoint '/Account/Login'
2024-10-01 18:10:01.036 +02:00 [INF] Route matched with {page = "/Account/Login", area = "Identity", action = "", controller = ""}. Executing page /Account/Login
2024-10-01 18:10:01.037 +02:00 [INF] Executing handler method FoodHub.Areas.Identity.Pages.Account.LoginModel.OnGetAsync - ModelState is "Valid"
2024-10-01 18:10:01.037 +02:00 [INF] AuthenticationScheme: Identity.External signed out.
2024-10-01 18:10:01.037 +02:00 [INF] Executed handler method OnGetAsync, returned result .
2024-10-01 18:10:01.037 +02:00 [INF] Executing an implicit handler method - ModelState is "Valid"
2024-10-01 18:10:01.037 +02:00 [INF] Executed an implicit handler method, returned result Microsoft.AspNetCore.Mvc.RazorPages.PageResult.
2024-10-01 18:10:01.040 +02:00 [INF] Executed page /Account/Login in 4.2468ms
2024-10-01 18:10:01.040 +02:00 [INF] Executed endpoint '/Account/Login'
2024-10-01 18:10:01.040 +02:00 [INF] Request finished HTTP/1.1 GET http://localhost:5237/Identity/Account/Login - 200 null text/html; charset=utf-8 5.6706ms
2024-10-01 18:10:01.047 +02:00 [INF] Request starting HTTP/1.1 GET http://localhost:5237/js/jquery-min.js - null null
2024-10-01 18:10:01.048 +02:00 [INF] Request finished HTTP/1.1 GET http://localhost:5237/js/jquery-min.js - 404 0 null 0.6166ms
2024-10-01 18:10:01.048 +02:00 [INF] Request reached the end of the middleware pipeline without being handled by application code. Request path: GET http://localhost:5237/js/jquery-min.js, Response status code: 404
2024-10-01 18:10:01.048 +02:00 [INF] Request starting HTTP/1.1 GET http://localhost:5237/lib/jquery-validate/jquery.validate.js - null null
2024-10-01 18:10:01.049 +02:00 [INF] Request starting HTTP/1.1 GET http://localhost:5237/lib/jquery-validation-unobtrusive/jquery.validate.unobtrusive.js - null null
2024-10-01 18:10:01.049 +02:00 [INF] Request finished HTTP/1.1 GET http://localhost:5237/lib/jquery-validate/jquery.validate.js - 404 0 null 0.2527ms
2024-10-01 18:10:01.049 +02:00 [INF] Request starting HTTP/1.1 GET http://localhost:5237/lib/jquery-validation/dist/jquery.validate.min.js - null null
2024-10-01 18:10:01.049 +02:00 [INF] Request reached the end of the middleware pipeline without being handled by application code. Request path: GET http://localhost:5237/lib/jquery-validate/jquery.validate.js, Response status code: 404
2024-10-01 18:10:01.049 +02:00 [INF] Request starting HTTP/1.1 GET http://localhost:5237/lib/jquery-validation-unobtrusive/jquery.validate.unobtrusive.min.js - null null
2024-10-01 18:10:01.049 +02:00 [INF] Request finished HTTP/1.1 GET http://localhost:5237/lib/jquery-validation-unobtrusive/jquery.validate.unobtrusive.js - 404 0 null 0.273ms
2024-10-01 18:10:01.049 +02:00 [INF] Request finished HTTP/1.1 GET http://localhost:5237/lib/jquery-validation-unobtrusive/jquery.validate.unobtrusive.min.js - 404 0 null 0.2149ms
2024-10-01 18:10:01.049 +02:00 [INF] Request finished HTTP/1.1 GET http://localhost:5237/lib/jquery-validation/dist/jquery.validate.min.js - 404 0 null 0.2493ms
2024-10-01 18:10:01.049 +02:00 [INF] Request reached the end of the middleware pipeline without being handled by application code. Request path: GET http://localhost:5237/lib/jquery-validation-unobtrusive/jquery.validate.unobtrusive.js, Response status code: 404
2024-10-01 18:10:01.049 +02:00 [INF] Request reached the end of the middleware pipeline without being handled by application code. Request path: GET http://localhost:5237/lib/jquery-validation/dist/jquery.validate.min.js, Response status code: 404
2024-10-01 18:10:01.049 +02:00 [INF] Request reached the end of the middleware pipeline without being handled by application code. Request path: GET http://localhost:5237/lib/jquery-validation-unobtrusive/jquery.validate.unobtrusive.min.js, Response status code: 404
2024-10-01 18:10:02.854 +02:00 [INF] Request starting HTTP/1.1 POST http://localhost:5237/Identity/Account/Login - application/x-www-form-urlencoded 269
2024-10-01 18:10:02.854 +02:00 [INF] Executing endpoint '/Account/Login'
2024-10-01 18:10:02.854 +02:00 [INF] Route matched with {page = "/Account/Login", area = "Identity", action = "", controller = ""}. Executing page /Account/Login
2024-10-01 18:10:02.864 +02:00 [INF] Executing handler method FoodHub.Areas.Identity.Pages.Account.LoginModel.OnPostAsync - ModelState is "Valid"
2024-10-01 18:10:02.955 +02:00 [INF] AuthenticationScheme: Identity.Application signed in.
2024-10-01 18:10:02.955 +02:00 [INF] User logged in.
2024-10-01 18:10:02.955 +02:00 [INF] Executed handler method OnPostAsync, returned result Microsoft.AspNetCore.Mvc.LocalRedirectResult.
2024-10-01 18:10:02.955 +02:00 [INF] Executing LocalRedirectResult, redirecting to /.
2024-10-01 18:10:02.955 +02:00 [INF] Executed page /Account/Login in 100.9373ms
2024-10-01 18:10:02.955 +02:00 [INF] Executed endpoint '/Account/Login'
2024-10-01 18:10:02.956 +02:00 [INF] Request finished HTTP/1.1 POST http://localhost:5237/Identity/Account/Login - 302 0 null 101.957ms
2024-10-01 18:10:02.958 +02:00 [INF] Request starting HTTP/1.1 GET http://localhost:5237/ - null null
2024-10-01 18:10:02.959 +02:00 [INF] Executing endpoint 'FoodHub.Controllers.HomeController.Index (FoodHub)'
2024-10-01 18:10:02.959 +02:00 [INF] Route matched with {action = "Index", controller = "Home", page = "", area = ""}. Executing controller action with signature Microsoft.AspNetCore.Mvc.IActionResult Index() on controller FoodHub.Controllers.HomeController (FoodHub).
2024-10-01 18:10:02.959 +02:00 [INF] Executing ViewResult, running view Index.
2024-10-01 18:10:02.959 +02:00 [INF] Executed ViewResult - view Index executed in 0.3757ms.
2024-10-01 18:10:02.959 +02:00 [INF] Executed action FoodHub.Controllers.HomeController.Index (FoodHub) in 0.4263ms
2024-10-01 18:10:02.959 +02:00 [INF] Executed endpoint 'FoodHub.Controllers.HomeController.Index (FoodHub)'
2024-10-01 18:10:02.959 +02:00 [INF] Request finished HTTP/1.1 GET http://localhost:5237/ - 200 null text/html; charset=utf-8 0.7712ms
2024-10-01 18:10:02.983 +02:00 [INF] Request starting HTTP/1.1 GET http://localhost:5237/js/jquery-min.js - null null
2024-10-01 18:10:02.984 +02:00 [INF] Request finished HTTP/1.1 GET http://localhost:5237/js/jquery-min.js - 404 0 null 0.4466ms
2024-10-01 18:10:02.984 +02:00 [INF] Request reached the end of the middleware pipeline without being handled by application code. Request path: GET http://localhost:5237/js/jquery-min.js, Response status code: 404
2024-10-01 18:10:02.984 +02:00 [INF] Request starting HTTP/1.1 GET http://localhost:5237/lib/jquery-validate/jquery.validate.js - null null
2024-10-01 18:10:02.984 +02:00 [INF] Request starting HTTP/1.1 GET http://localhost:5237/lib/jquery-validation-unobtrusive/jquery.validate.unobtrusive.js - null null
2024-10-01 18:10:02.984 +02:00 [INF] Request finished HTTP/1.1 GET http://localhost:5237/lib/jquery-validate/jquery.validate.js - 404 0 null 0.2861ms
2024-10-01 18:10:02.984 +02:00 [INF] Request reached the end of the middleware pipeline without being handled by application code. Request path: GET http://localhost:5237/lib/jquery-validate/jquery.validate.js, Response status code: 404
2024-10-01 18:10:02.984 +02:00 [INF] Request finished HTTP/1.1 GET http://localhost:5237/lib/jquery-validation-unobtrusive/jquery.validate.unobtrusive.js - 404 0 null 0.3306ms
2024-10-01 18:10:02.984 +02:00 [INF] Request reached the end of the middleware pipeline without being handled by application code. Request path: GET http://localhost:5237/lib/jquery-validation-unobtrusive/jquery.validate.unobtrusive.js, Response status code: 404
2024-10-01 18:10:03.926 +02:00 [INF] Request starting HTTP/1.1 POST http://localhost:5237/Identity/Account/Logout?returnUrl=%2F - application/x-www-form-urlencoded 225
2024-10-01 18:10:03.926 +02:00 [INF] Executing endpoint '/Account/Logout'
2024-10-01 18:10:03.926 +02:00 [INF] Route matched with {page = "/Account/Logout", area = "Identity", action = "", controller = ""}. Executing page /Account/Logout
2024-10-01 18:10:03.927 +02:00 [INF] Executing handler method FoodHub.Areas.Identity.Pages.Account.LogoutModel.OnPost - ModelState is "Valid"
2024-10-01 18:10:03.927 +02:00 [INF] AuthenticationScheme: Identity.Application signed out.
2024-10-01 18:10:03.927 +02:00 [INF] AuthenticationScheme: Identity.External signed out.
2024-10-01 18:10:03.927 +02:00 [INF] AuthenticationScheme: Identity.TwoFactorUserId signed out.
2024-10-01 18:10:03.927 +02:00 [INF] User logged out.
2024-10-01 18:10:03.927 +02:00 [INF] Executed handler method OnPost, returned result Microsoft.AspNetCore.Mvc.LocalRedirectResult.
2024-10-01 18:10:03.927 +02:00 [INF] Executing LocalRedirectResult, redirecting to /.
2024-10-01 18:10:03.927 +02:00 [INF] Executed page /Account/Logout in 0.7751ms
2024-10-01 18:10:03.927 +02:00 [INF] Executed endpoint '/Account/Logout'
2024-10-01 18:10:03.927 +02:00 [INF] Request finished HTTP/1.1 POST http://localhost:5237/Identity/Account/Logout?returnUrl=%2F - 302 0 null 1.8963ms
2024-10-01 18:10:03.929 +02:00 [INF] Request starting HTTP/1.1 GET http://localhost:5237/ - null null
2024-10-01 18:10:03.930 +02:00 [INF] Executing endpoint 'FoodHub.Controllers.HomeController.Index (FoodHub)'
2024-10-01 18:10:03.930 +02:00 [INF] Route matched with {action = "Index", controller = "Home", page = "", area = ""}. Executing controller action with signature Microsoft.AspNetCore.Mvc.IActionResult Index() on controller FoodHub.Controllers.HomeController (FoodHub).
2024-10-01 18:10:03.930 +02:00 [INF] Executing ViewResult, running view Index.
2024-10-01 18:10:03.931 +02:00 [INF] Executed ViewResult - view Index executed in 1.0767ms.
2024-10-01 18:10:03.931 +02:00 [INF] Executed action FoodHub.Controllers.HomeController.Index (FoodHub) in 1.2469ms
2024-10-01 18:10:03.931 +02:00 [INF] Executed endpoint 'FoodHub.Controllers.HomeController.Index (FoodHub)'
2024-10-01 18:10:03.931 +02:00 [INF] Request finished HTTP/1.1 GET http://localhost:5237/ - 200 null text/html; charset=utf-8 2.0322ms
2024-10-01 18:10:03.938 +02:00 [INF] Request starting HTTP/1.1 GET http://localhost:5237/js/jquery-min.js - null null
2024-10-01 18:10:03.939 +02:00 [INF] Request finished HTTP/1.1 GET http://localhost:5237/js/jquery-min.js - 404 0 null 0.5142ms
2024-10-01 18:10:03.939 +02:00 [INF] Request reached the end of the middleware pipeline without being handled by application code. Request path: GET http://localhost:5237/js/jquery-min.js, Response status code: 404
2024-10-01 18:10:03.939 +02:00 [INF] Request starting HTTP/1.1 GET http://localhost:5237/lib/jquery-validate/jquery.validate.js - null null
2024-10-01 18:10:03.939 +02:00 [INF] Request starting HTTP/1.1 GET http://localhost:5237/lib/jquery-validation-unobtrusive/jquery.validate.unobtrusive.js - null null
2024-10-01 18:10:03.940 +02:00 [INF] Request finished HTTP/1.1 GET http://localhost:5237/lib/jquery-validation-unobtrusive/jquery.validate.unobtrusive.js - 404 0 null 0.9065ms
2024-10-01 18:10:03.940 +02:00 [INF] Request reached the end of the middleware pipeline without being handled by application code. Request path: GET http://localhost:5237/lib/jquery-validation-unobtrusive/jquery.validate.unobtrusive.js, Response status code: 404
2024-10-01 18:10:03.940 +02:00 [INF] Request finished HTTP/1.1 GET http://localhost:5237/lib/jquery-validate/jquery.validate.js - 404 0 null 0.9162ms
2024-10-01 18:10:03.940 +02:00 [INF] Request reached the end of the middleware pipeline without being handled by application code. Request path: GET http://localhost:5237/lib/jquery-validate/jquery.validate.js, Response status code: 404
2024-10-01 18:10:04.676 +02:00 [INF] Request starting HTTP/1.1 GET http://localhost:5237/Identity/Account/Login - null null
2024-10-01 18:10:04.677 +02:00 [INF] Executing endpoint '/Account/Login'
2024-10-01 18:10:04.677 +02:00 [INF] Route matched with {page = "/Account/Login", area = "Identity", action = "", controller = ""}. Executing page /Account/Login
2024-10-01 18:10:04.677 +02:00 [INF] Executing handler method FoodHub.Areas.Identity.Pages.Account.LoginModel.OnGetAsync - ModelState is "Valid"
2024-10-01 18:10:04.678 +02:00 [INF] AuthenticationScheme: Identity.External signed out.
2024-10-01 18:10:04.678 +02:00 [INF] Executed handler method OnGetAsync, returned result .
2024-10-01 18:10:04.678 +02:00 [INF] Executing an implicit handler method - ModelState is "Valid"
2024-10-01 18:10:04.678 +02:00 [INF] Executed an implicit handler method, returned result Microsoft.AspNetCore.Mvc.RazorPages.PageResult.
2024-10-01 18:10:04.680 +02:00 [INF] Executed page /Account/Login in 3.1164ms
2024-10-01 18:10:04.680 +02:00 [INF] Executed endpoint '/Account/Login'
2024-10-01 18:10:04.680 +02:00 [INF] Request finished HTTP/1.1 GET http://localhost:5237/Identity/Account/Login - 200 null text/html; charset=utf-8 3.7836ms
2024-10-01 18:10:04.699 +02:00 [INF] Request starting HTTP/1.1 GET http://localhost:5237/js/jquery-min.js - null null
2024-10-01 18:10:04.699 +02:00 [INF] Request finished HTTP/1.1 GET http://localhost:5237/js/jquery-min.js - 404 0 null 0.5165ms
2024-10-01 18:10:04.700 +02:00 [INF] Request reached the end of the middleware pipeline without being handled by application code. Request path: GET http://localhost:5237/js/jquery-min.js, Response status code: 404
2024-10-01 18:10:04.700 +02:00 [INF] Request starting HTTP/1.1 GET http://localhost:5237/lib/jquery-validate/jquery.validate.js - null null
2024-10-01 18:10:04.700 +02:00 [INF] Request starting HTTP/1.1 GET http://localhost:5237/lib/jquery-validation-unobtrusive/jquery.validate.unobtrusive.js - null null
2024-10-01 18:10:04.700 +02:00 [INF] Request starting HTTP/1.1 GET http://localhost:5237/lib/jquery-validation/dist/jquery.validate.min.js - null null
2024-10-01 18:10:04.700 +02:00 [INF] Request finished HTTP/1.1 GET http://localhost:5237/lib/jquery-validation-unobtrusive/jquery.validate.unobtrusive.js - 404 0 null 0.2452ms
2024-10-01 18:10:04.700 +02:00 [INF] Request reached the end of the middleware pipeline without being handled by application code. Request path: GET http://localhost:5237/lib/jquery-validation-unobtrusive/jquery.validate.unobtrusive.js, Response status code: 404
2024-10-01 18:10:04.700 +02:00 [INF] Request starting HTTP/1.1 GET http://localhost:5237/lib/jquery-validation-unobtrusive/jquery.validate.unobtrusive.min.js - null null
2024-10-01 18:10:04.700 +02:00 [INF] Request finished HTTP/1.1 GET http://localhost:5237/lib/jquery-validate/jquery.validate.js - 404 0 null 0.7383ms
2024-10-01 18:10:04.701 +02:00 [INF] Request finished HTTP/1.1 GET http://localhost:5237/lib/jquery-validation/dist/jquery.validate.min.js - 404 0 null 0.4753ms
2024-10-01 18:10:04.701 +02:00 [INF] Request reached the end of the middleware pipeline without being handled by application code. Request path: GET http://localhost:5237/lib/jquery-validate/jquery.validate.js, Response status code: 404
2024-10-01 18:10:04.701 +02:00 [INF] Request reached the end of the middleware pipeline without being handled by application code. Request path: GET http://localhost:5237/lib/jquery-validation/dist/jquery.validate.min.js, Response status code: 404
2024-10-01 18:10:04.701 +02:00 [INF] Request finished HTTP/1.1 GET http://localhost:5237/lib/jquery-validation-unobtrusive/jquery.validate.unobtrusive.min.js - 404 0 null 0.1381ms
2024-10-01 18:10:04.701 +02:00 [INF] Request reached the end of the middleware pipeline without being handled by application code. Request path: GET http://localhost:5237/lib/jquery-validation-unobtrusive/jquery.validate.unobtrusive.min.js, Response status code: 404
2024-10-01 18:10:12.668 +02:00 [INF] Request starting HTTP/1.1 GET http://localhost:5237/Identity/Account/Register?returnUrl=%2F - null null
2024-10-01 18:10:12.669 +02:00 [INF] Executing endpoint '/Account/Register'
2024-10-01 18:10:12.675 +02:00 [INF] Route matched with {page = "/Account/Register", area = "Identity", action = "", controller = ""}. Executing page /Account/Register
2024-10-01 18:10:12.677 +02:00 [INF] Executed page /Account/Register in 1.9714ms
2024-10-01 18:10:12.677 +02:00 [INF] Executed endpoint '/Account/Register'
2024-10-01 18:10:12.693 +02:00 [ERR] An unhandled exception has occurred while executing the request.
System.InvalidOperationException: Unable to resolve service for type 'Microsoft.AspNetCore.Identity.UI.Services.IEmailSender' while attempting to activate 'FoodHub.Areas.Identity.Pages.Account.RegisterModel'.
   at Microsoft.Extensions.DependencyInjection.ActivatorUtilities.ThrowHelperUnableToResolveService(Type type, Type requiredBy)
   at lambda_method454(Closure, IServiceProvider, Object[])
   at Microsoft.AspNetCore.Mvc.RazorPages.Infrastructure.DefaultPageModelFactoryProvider.<>c__DisplayClass3_0.<CreateModelFactory>b__0(PageContext pageContext)
   at Microsoft.AspNetCore.Mvc.RazorPages.Infrastructure.PageActionInvoker.CreateInstance()
   at Microsoft.AspNetCore.Mvc.RazorPages.Infrastructure.PageActionInvoker.Next(State& next, Scope& scope, Object& state, Boolean& isCompleted)
   at Microsoft.AspNetCore.Mvc.RazorPages.Infrastructure.PageActionInvoker.InvokeInnerFilterAsync()
   at Microsoft.AspNetCore.Mvc.Infrastructure.ResourceInvoker.<InvokeNextResourceFilter>g__Awaited|25_0(ResourceInvoker invoker, Task lastTask, State next, Scope scope, Object state, Boolean isCompleted)
   at Microsoft.AspNetCore.Mvc.Infrastructure.ResourceInvoker.Rethrow(ResourceExecutedContextSealed context)
   at Microsoft.AspNetCore.Mvc.Infrastructure.ResourceInvoker.Next(State& next, Scope& scope, Object& state, Boolean& isCompleted)
   at Microsoft.AspNetCore.Mvc.Infrastructure.ResourceInvoker.InvokeFilterPipelineAsync()
--- End of stack trace from previous location ---
   at Microsoft.AspNetCore.Mvc.Infrastructure.ResourceInvoker.<InvokeAsync>g__Logged|17_1(ResourceInvoker invoker)
   at Microsoft.AspNetCore.Mvc.Infrastructure.ResourceInvoker.<InvokeAsync>g__Logged|17_1(ResourceInvoker invoker)
   at Microsoft.AspNetCore.Routing.EndpointMiddleware.<Invoke>g__AwaitRequestTask|7_0(Endpoint endpoint, Task requestTask, ILogger logger)
   at Microsoft.AspNetCore.Authentication.AuthenticationMiddleware.Invoke(HttpContext context)
   at Microsoft.AspNetCore.Authentication.AuthenticationMiddleware.Invoke(HttpContext context)
   at Microsoft.AspNetCore.Session.SessionMiddleware.Invoke(HttpContext context)
   at Microsoft.AspNetCore.Session.SessionMiddleware.Invoke(HttpContext context)
   at Microsoft.AspNetCore.Diagnostics.DeveloperExceptionPageMiddlewareImpl.Invoke(HttpContext context)
2024-10-01 18:10:12.705 +02:00 [INF] Request finished HTTP/1.1 GET http://localhost:5237/Identity/Account/Register?returnUrl=%2F - 500 null text/html; charset=utf-8 36.5247ms
2024-10-01 18:10:14.645 +02:00 [INF] Request starting HTTP/1.1 GET http://localhost:5237/Identity/Account/Login - null null
2024-10-01 18:10:14.646 +02:00 [INF] Executing endpoint '/Account/Login'
2024-10-01 18:10:14.646 +02:00 [INF] Route matched with {page = "/Account/Login", area = "Identity", action = "", controller = ""}. Executing page /Account/Login
2024-10-01 18:10:14.646 +02:00 [INF] Executing handler method FoodHub.Areas.Identity.Pages.Account.LoginModel.OnGetAsync - ModelState is "Valid"
2024-10-01 18:10:14.647 +02:00 [INF] AuthenticationScheme: Identity.External signed out.
2024-10-01 18:10:14.647 +02:00 [INF] Executed handler method OnGetAsync, returned result .
2024-10-01 18:10:14.647 +02:00 [INF] Executing an implicit handler method - ModelState is "Valid"
2024-10-01 18:10:14.647 +02:00 [INF] Executed an implicit handler method, returned result Microsoft.AspNetCore.Mvc.RazorPages.PageResult.
2024-10-01 18:10:14.649 +02:00 [INF] Executed page /Account/Login in 2.7341ms
2024-10-01 18:10:14.649 +02:00 [INF] Executed endpoint '/Account/Login'
2024-10-01 18:10:14.649 +02:00 [INF] Request finished HTTP/1.1 GET http://localhost:5237/Identity/Account/Login - 200 null text/html; charset=utf-8 3.5177ms
2024-10-01 18:10:20.551 +02:00 [INF] Request starting HTTP/1.1 GET http://localhost:5237/Identity/Account/Register?returnUrl=%2F - null null
2024-10-01 18:10:20.551 +02:00 [INF] Executing endpoint '/Account/Register'
2024-10-01 18:10:20.551 +02:00 [INF] Route matched with {page = "/Account/Register", area = "Identity", action = "", controller = ""}. Executing page /Account/Register
2024-10-01 18:10:20.552 +02:00 [INF] Executed page /Account/Register in 0.6029ms
2024-10-01 18:10:20.552 +02:00 [INF] Executed endpoint '/Account/Register'
2024-10-01 18:10:20.553 +02:00 [ERR] An unhandled exception has occurred while executing the request.
System.InvalidOperationException: Unable to resolve service for type 'Microsoft.AspNetCore.Identity.UI.Services.IEmailSender' while attempting to activate 'FoodHub.Areas.Identity.Pages.Account.RegisterModel'.
   at Microsoft.Extensions.DependencyInjection.ActivatorUtilities.ThrowHelperUnableToResolveService(Type type, Type requiredBy)
   at lambda_method454(Closure, IServiceProvider, Object[])
   at Microsoft.AspNetCore.Mvc.RazorPages.Infrastructure.DefaultPageModelFactoryProvider.<>c__DisplayClass3_0.<CreateModelFactory>b__0(PageContext pageContext)
   at Microsoft.AspNetCore.Mvc.RazorPages.Infrastructure.PageActionInvoker.CreateInstance()
   at Microsoft.AspNetCore.Mvc.RazorPages.Infrastructure.PageActionInvoker.Next(State& next, Scope& scope, Object& state, Boolean& isCompleted)
   at Microsoft.AspNetCore.Mvc.RazorPages.Infrastructure.PageActionInvoker.InvokeInnerFilterAsync()
   at Microsoft.AspNetCore.Mvc.Infrastructure.ResourceInvoker.<InvokeNextResourceFilter>g__Awaited|25_0(ResourceInvoker invoker, Task lastTask, State next, Scope scope, Object state, Boolean isCompleted)
   at Microsoft.AspNetCore.Mvc.Infrastructure.ResourceInvoker.Rethrow(ResourceExecutedContextSealed context)
   at Microsoft.AspNetCore.Mvc.Infrastructure.ResourceInvoker.Next(State& next, Scope& scope, Object& state, Boolean& isCompleted)
   at Microsoft.AspNetCore.Mvc.Infrastructure.ResourceInvoker.InvokeFilterPipelineAsync()
--- End of stack trace from previous location ---
   at Microsoft.AspNetCore.Mvc.Infrastructure.ResourceInvoker.<InvokeAsync>g__Logged|17_1(ResourceInvoker invoker)
   at Microsoft.AspNetCore.Mvc.Infrastructure.ResourceInvoker.<InvokeAsync>g__Logged|17_1(ResourceInvoker invoker)
   at Microsoft.AspNetCore.Routing.EndpointMiddleware.<Invoke>g__AwaitRequestTask|7_0(Endpoint endpoint, Task requestTask, ILogger logger)
   at Microsoft.AspNetCore.Authentication.AuthenticationMiddleware.Invoke(HttpContext context)
   at Microsoft.AspNetCore.Authentication.AuthenticationMiddleware.Invoke(HttpContext context)
   at Microsoft.AspNetCore.Session.SessionMiddleware.Invoke(HttpContext context)
   at Microsoft.AspNetCore.Session.SessionMiddleware.Invoke(HttpContext context)
   at Microsoft.AspNetCore.Diagnostics.DeveloperExceptionPageMiddlewareImpl.Invoke(HttpContext context)
2024-10-01 18:10:20.558 +02:00 [INF] Request finished HTTP/1.1 GET http://localhost:5237/Identity/Account/Register?returnUrl=%2F - 500 null text/html; charset=utf-8 7.2985ms
