2024-09-24 20:50:31.414 +02:00 [INF] User profile is available. Using '/Users/haraldeskeland/.aspnet/DataProtection-Keys' as key repository; keys will not be encrypted at rest.
2024-09-24 20:50:31.440 +02:00 [INF] Now listening on: http://localhost:5237
2024-09-24 20:50:31.442 +02:00 [INF] Application started. Press Ctrl+C to shut down.
2024-09-24 20:50:31.443 +02:00 [INF] Hosting environment: Development
2024-09-24 20:50:31.443 +02:00 [INF] Content root path: /Users/haraldeskeland/Documents/SKOLE/3.år/WebApp/ukesoppgaver/FoodHub
2024-09-24 20:50:33.227 +02:00 [INF] Request starting HTTP/1.1 GET http://localhost:5237/ - null null
2024-09-24 20:50:33.235 +02:00 [INF] Executing endpoint 'FoodHub.Controllers.HomeController.Index (FoodHub)'
2024-09-24 20:50:33.238 +02:00 [INF] Route matched with {action = "Index", controller = "Home"}. Executing controller action with signature Microsoft.AspNetCore.Mvc.IActionResult Index() on controller FoodHub.Controllers.HomeController (FoodHub).
2024-09-24 20:50:33.245 +02:00 [INF] Executing ViewResult, running view Index.
2024-09-24 20:50:33.275 +02:00 [INF] Executed ViewResult - view Index executed in 32.588ms.
2024-09-24 20:50:33.276 +02:00 [INF] Executed action FoodHub.Controllers.HomeController.Index (FoodHub) in 37.0204ms
2024-09-24 20:50:33.276 +02:00 [INF] Executed endpoint 'FoodHub.Controllers.HomeController.Index (FoodHub)'
2024-09-24 20:50:33.276 +02:00 [INF] Request finished HTTP/1.1 GET http://localhost:5237/ - 200 null text/html; charset=utf-8 50.4179ms
2024-09-24 20:50:33.281 +02:00 [INF] Request starting HTTP/1.1 GET http://localhost:5237/css/site.css - null null
2024-09-24 20:50:33.281 +02:00 [INF] Request starting HTTP/1.1 GET http://localhost:5237/js/bootstrap.js - null null
2024-09-24 20:50:33.281 +02:00 [INF] Request starting HTTP/1.1 GET http://localhost:5237/js/jquery-min.js - null null
2024-09-24 20:50:33.281 +02:00 [INF] Request starting HTTP/1.1 GET http://localhost:5237/images/fishandchips.jpg - null null
2024-09-24 20:50:33.281 +02:00 [INF] Request starting HTTP/1.1 GET http://localhost:5237/images/pizza.jpg - null null
2024-09-24 20:50:33.282 +02:00 [INF] Request finished HTTP/1.1 GET http://localhost:5237/js/jquery-min.js - 404 0 null 1.1537ms
2024-09-24 20:50:33.283 +02:00 [INF] Request reached the end of the middleware pipeline without being handled by application code. Request path: GET http://localhost:5237/js/jquery-min.js, Response status code: 404
2024-09-24 20:50:33.286 +02:00 [INF] Sending file. Request path: '/css/site.css'. Physical path: '/Users/haraldeskeland/Documents/SKOLE/3.år/WebApp/ukesoppgaver/FoodHub/wwwroot/css/site.css'
2024-09-24 20:50:33.286 +02:00 [INF] Request finished HTTP/1.1 GET http://localhost:5237/css/site.css - 200 2868 text/css 5.0882ms
2024-09-24 20:50:33.288 +02:00 [INF] Sending file. Request path: '/images/fishandchips.jpg'. Physical path: '/Users/haraldeskeland/Documents/SKOLE/3.år/WebApp/ukesoppgaver/FoodHub/wwwroot/images/fishandchips.jpg'
2024-09-24 20:50:33.288 +02:00 [INF] Sending file. Request path: '/js/bootstrap.js'. Physical path: '/Users/haraldeskeland/Documents/SKOLE/3.år/WebApp/ukesoppgaver/FoodHub/wwwroot/js/bootstrap.js'
2024-09-24 20:50:33.288 +02:00 [INF] Sending file. Request path: '/images/pizza.jpg'. Physical path: '/Users/haraldeskeland/Documents/SKOLE/3.år/WebApp/ukesoppgaver/FoodHub/wwwroot/images/pizza.jpg'
2024-09-24 20:50:33.288 +02:00 [INF] Request finished HTTP/1.1 GET http://localhost:5237/js/bootstrap.js - 200 145401 text/javascript 7.439ms
2024-09-24 20:50:33.288 +02:00 [INF] Request finished HTTP/1.1 GET http://localhost:5237/images/pizza.jpg - 200 127421 image/jpeg 7.2282ms
2024-09-24 20:50:33.288 +02:00 [INF] Request finished HTTP/1.1 GET http://localhost:5237/images/fishandchips.jpg - 200 100023 image/jpeg 7.2501ms
2024-09-24 20:50:33.289 +02:00 [INF] Request starting HTTP/1.1 GET http://localhost:5237/images/tacos.jpg - null null
2024-09-24 20:50:33.290 +02:00 [INF] Sending file. Request path: '/images/tacos.jpg'. Physical path: '/Users/haraldeskeland/Documents/SKOLE/3.år/WebApp/ukesoppgaver/FoodHub/wwwroot/images/tacos.jpg'
2024-09-24 20:50:33.290 +02:00 [INF] Request finished HTTP/1.1 GET http://localhost:5237/images/tacos.jpg - 200 118763 image/jpeg 1.7318ms
2024-09-24 20:50:33.442 +02:00 [INF] Request starting HTTP/1.1 GET http://localhost:5237/favicon.ico - null null
2024-09-24 20:50:33.442 +02:00 [INF] Request finished HTTP/1.1 GET http://localhost:5237/favicon.ico - 404 0 null 0.4772ms
2024-09-24 20:50:33.443 +02:00 [INF] Request reached the end of the middleware pipeline without being handled by application code. Request path: GET http://localhost:5237/favicon.ico, Response status code: 404
2024-09-24 20:50:35.053 +02:00 [INF] Request starting HTTP/1.1 GET http://localhost:5237/Item/Table - null null
2024-09-24 20:50:35.054 +02:00 [INF] Executing endpoint 'FoodHub.Controllers.ItemController.Table (FoodHub)'
2024-09-24 20:50:35.060 +02:00 [INF] Route matched with {action = "Table", controller = "Item"}. Executing controller action with signature System.Threading.Tasks.Task`1[Microsoft.AspNetCore.Mvc.IActionResult] Table() on controller FoodHub.Controllers.ItemController (FoodHub).
2024-09-24 20:50:35.113 +02:00 [INF] Executing ViewResult, running view Table.
2024-09-24 20:50:35.119 +02:00 [INF] Executed ViewResult - view Table executed in 6.3687ms.
2024-09-24 20:50:35.119 +02:00 [INF] Executed action FoodHub.Controllers.ItemController.Table (FoodHub) in 59.0441ms
2024-09-24 20:50:35.119 +02:00 [INF] Executed endpoint 'FoodHub.Controllers.ItemController.Table (FoodHub)'
2024-09-24 20:50:35.121 +02:00 [INF] Request finished HTTP/1.1 GET http://localhost:5237/Item/Table - 200 null text/html; charset=utf-8 68.0706ms
2024-09-24 20:50:35.124 +02:00 [INF] Request starting HTTP/1.1 GET http://localhost:5237/js/jquery-min.js - null null
2024-09-24 20:50:35.124 +02:00 [INF] Request finished HTTP/1.1 GET http://localhost:5237/js/jquery-min.js - 404 0 null 0.3831ms
2024-09-24 20:50:35.125 +02:00 [INF] Request reached the end of the middleware pipeline without being handled by application code. Request path: GET http://localhost:5237/js/jquery-min.js, Response status code: 404
2024-09-24 20:50:35.125 +02:00 [INF] Request starting HTTP/1.1 GET http://localhost:5237/images/chickenleg.jpg - null null
2024-09-24 20:50:35.125 +02:00 [INF] Request starting HTTP/1.1 GET http://localhost:5237/images/frenchfries.jpg - null null
2024-09-24 20:50:35.126 +02:00 [INF] Sending file. Request path: '/images/frenchfries.jpg'. Physical path: '/Users/haraldeskeland/Documents/SKOLE/3.år/WebApp/ukesoppgaver/FoodHub/wwwroot/images/frenchfries.jpg'
2024-09-24 20:50:35.126 +02:00 [INF] Sending file. Request path: '/images/chickenleg.jpg'. Physical path: '/Users/haraldeskeland/Documents/SKOLE/3.år/WebApp/ukesoppgaver/FoodHub/wwwroot/images/chickenleg.jpg'
2024-09-24 20:50:35.126 +02:00 [INF] Request finished HTTP/1.1 GET http://localhost:5237/images/frenchfries.jpg - 200 52799 image/jpeg 1.07ms
2024-09-24 20:50:35.126 +02:00 [INF] Request finished HTTP/1.1 GET http://localhost:5237/images/chickenleg.jpg - 200 63434 image/jpeg 1.1202ms
2024-09-24 20:50:35.127 +02:00 [INF] Request starting HTTP/1.1 GET http://localhost:5237/images/ribs.jpg - null null
2024-09-24 20:50:35.127 +02:00 [INF] Request starting HTTP/1.1 GET http://localhost:5237/images/cider.jpg - null null
2024-09-24 20:50:35.127 +02:00 [INF] Request starting HTTP/1.1 GET http://localhost:5237/images/coke.jpg - null null
2024-09-24 20:50:35.128 +02:00 [INF] Sending file. Request path: '/images/cider.jpg'. Physical path: '/Users/haraldeskeland/Documents/SKOLE/3.år/WebApp/ukesoppgaver/FoodHub/wwwroot/images/cider.jpg'
2024-09-24 20:50:35.128 +02:00 [INF] Request finished HTTP/1.1 GET http://localhost:5237/images/cider.jpg - 200 28236 image/jpeg 1.2095ms
2024-09-24 20:50:35.128 +02:00 [INF] Sending file. Request path: '/images/coke.jpg'. Physical path: '/Users/haraldeskeland/Documents/SKOLE/3.år/WebApp/ukesoppgaver/FoodHub/wwwroot/images/coke.jpg'
2024-09-24 20:50:35.128 +02:00 [INF] Request finished HTTP/1.1 GET http://localhost:5237/images/coke.jpg - 200 40331 image/jpeg 1.3063ms
2024-09-24 20:50:35.128 +02:00 [INF] Sending file. Request path: '/images/ribs.jpg'. Physical path: '/Users/haraldeskeland/Documents/SKOLE/3.år/WebApp/ukesoppgaver/FoodHub/wwwroot/images/ribs.jpg'
2024-09-24 20:50:35.128 +02:00 [INF] Request finished HTTP/1.1 GET http://localhost:5237/images/ribs.jpg - 200 141554 image/jpeg 1.7427ms
2024-09-24 20:50:38.370 +02:00 [INF] Request starting HTTP/1.1 GET http://localhost:5237/Item/Create - null null
2024-09-24 20:50:38.371 +02:00 [INF] Executing endpoint 'FoodHub.Controllers.ItemController.Create (FoodHub)'
2024-09-24 20:50:38.373 +02:00 [INF] Route matched with {action = "Create", controller = "Item"}. Executing controller action with signature Microsoft.AspNetCore.Mvc.IActionResult Create() on controller FoodHub.Controllers.ItemController (FoodHub).
2024-09-24 20:50:38.374 +02:00 [INF] Executing ViewResult, running view Create.
2024-09-24 20:50:38.422 +02:00 [INF] Executed ViewResult - view Create executed in 48.1537ms.
2024-09-24 20:50:38.422 +02:00 [INF] Executed action FoodHub.Controllers.ItemController.Create (FoodHub) in 49.0277ms
2024-09-24 20:50:38.422 +02:00 [INF] Executed endpoint 'FoodHub.Controllers.ItemController.Create (FoodHub)'
2024-09-24 20:50:38.422 +02:00 [INF] Request finished HTTP/1.1 GET http://localhost:5237/Item/Create - 200 null text/html; charset=utf-8 52.2543ms
2024-09-24 20:50:38.428 +02:00 [INF] Request starting HTTP/1.1 GET http://localhost:5237/js/jquery-min.js - null null
2024-09-24 20:50:38.428 +02:00 [INF] Request finished HTTP/1.1 GET http://localhost:5237/js/jquery-min.js - 404 0 null 0.2458ms
2024-09-24 20:50:38.428 +02:00 [INF] Request reached the end of the middleware pipeline without being handled by application code. Request path: GET http://localhost:5237/js/jquery-min.js, Response status code: 404
2024-09-24 20:50:46.080 +02:00 [INF] Request starting HTTP/1.1 POST http://localhost:5237/Item/Create - application/x-www-form-urlencoded 230
2024-09-24 20:50:46.081 +02:00 [INF] Executing endpoint 'FoodHub.Controllers.ItemController.Create (FoodHub)'
2024-09-24 20:50:46.098 +02:00 [INF] Route matched with {action = "Create", controller = "Item"}. Executing controller action with signature System.Threading.Tasks.Task`1[Microsoft.AspNetCore.Mvc.IActionResult] Create(FoodHub.Models.Item) on controller FoodHub.Controllers.ItemController (FoodHub).
2024-09-24 20:50:46.119 +02:00 [WRN] [ItemController] Item creation failed {"ItemId":0,"Name":"Test","Price":0,"Description":"hei","ImageUrl":"image","OrderItems":null,"$type":"Item"}
2024-09-24 20:50:46.121 +02:00 [INF] Executing ViewResult, running view Create.
2024-09-24 20:50:46.124 +02:00 [INF] Executed ViewResult - view Create executed in 2.7653ms.
2024-09-24 20:50:46.124 +02:00 [INF] Executed action FoodHub.Controllers.ItemController.Create (FoodHub) in 25.2964ms
2024-09-24 20:50:46.124 +02:00 [INF] Executed endpoint 'FoodHub.Controllers.ItemController.Create (FoodHub)'
2024-09-24 20:50:46.124 +02:00 [INF] Request finished HTTP/1.1 POST http://localhost:5237/Item/Create - 200 null text/html; charset=utf-8 43.5748ms
2024-09-24 20:50:46.132 +02:00 [INF] Request starting HTTP/1.1 GET http://localhost:5237/js/jquery-min.js - null null
2024-09-24 20:50:46.132 +02:00 [INF] Request finished HTTP/1.1 GET http://localhost:5237/js/jquery-min.js - 404 0 null 0.2548ms
2024-09-24 20:50:46.132 +02:00 [INF] Request reached the end of the middleware pipeline without being handled by application code. Request path: GET http://localhost:5237/js/jquery-min.js, Response status code: 404
2024-09-24 20:51:02.464 +02:00 [INF] Request starting HTTP/1.1 GET http://localhost:5237/Customer/Table - null null
2024-09-24 20:51:02.465 +02:00 [INF] Executing endpoint 'FoodHub.Controllers.CustomerController.Table (FoodHub)'
2024-09-24 20:51:02.468 +02:00 [INF] Route matched with {action = "Table", controller = "Customer"}. Executing controller action with signature System.Threading.Tasks.Task`1[Microsoft.AspNetCore.Mvc.IActionResult] Table() on controller FoodHub.Controllers.CustomerController (FoodHub).
2024-09-24 20:51:02.526 +02:00 [INF] Executing ViewResult, running view Table.
2024-09-24 20:51:02.545 +02:00 [INF] Executed ViewResult - view Table executed in 19.4042ms.
2024-09-24 20:51:02.545 +02:00 [INF] Executed action FoodHub.Controllers.CustomerController.Table (FoodHub) in 76.4908ms
2024-09-24 20:51:02.545 +02:00 [INF] Executed endpoint 'FoodHub.Controllers.CustomerController.Table (FoodHub)'
2024-09-24 20:51:02.545 +02:00 [INF] Request finished HTTP/1.1 GET http://localhost:5237/Customer/Table - 200 null text/html; charset=utf-8 80.382ms
2024-09-24 20:51:02.555 +02:00 [INF] Request starting HTTP/1.1 GET http://localhost:5237/js/jquery-min.js - null null
2024-09-24 20:51:02.555 +02:00 [INF] Request finished HTTP/1.1 GET http://localhost:5237/js/jquery-min.js - 404 0 null 0.1985ms
2024-09-24 20:51:02.555 +02:00 [INF] Request reached the end of the middleware pipeline without being handled by application code. Request path: GET http://localhost:5237/js/jquery-min.js, Response status code: 404
2024-09-24 20:51:03.232 +02:00 [INF] Request starting HTTP/1.1 GET http://localhost:5237/ - null null
2024-09-24 20:51:03.232 +02:00 [INF] Executing endpoint 'FoodHub.Controllers.HomeController.Index (FoodHub)'
2024-09-24 20:51:03.232 +02:00 [INF] Route matched with {action = "Index", controller = "Home"}. Executing controller action with signature Microsoft.AspNetCore.Mvc.IActionResult Index() on controller FoodHub.Controllers.HomeController (FoodHub).
2024-09-24 20:51:03.232 +02:00 [INF] Executing ViewResult, running view Index.
2024-09-24 20:51:03.233 +02:00 [INF] Executed ViewResult - view Index executed in 0.6339ms.
2024-09-24 20:51:03.233 +02:00 [INF] Executed action FoodHub.Controllers.HomeController.Index (FoodHub) in 0.8545ms
2024-09-24 20:51:03.233 +02:00 [INF] Executed endpoint 'FoodHub.Controllers.HomeController.Index (FoodHub)'
2024-09-24 20:51:03.233 +02:00 [INF] Request finished HTTP/1.1 GET http://localhost:5237/ - 200 null text/html; charset=utf-8 1.359ms
2024-09-24 20:51:03.244 +02:00 [INF] Request starting HTTP/1.1 GET http://localhost:5237/js/jquery-min.js - null null
2024-09-24 20:51:03.245 +02:00 [INF] Request finished HTTP/1.1 GET http://localhost:5237/js/jquery-min.js - 404 0 null 0.3688ms
2024-09-24 20:51:03.245 +02:00 [INF] Request reached the end of the middleware pipeline without being handled by application code. Request path: GET http://localhost:5237/js/jquery-min.js, Response status code: 404
2024-09-24 20:51:03.788 +02:00 [INF] Request starting HTTP/1.1 GET http://localhost:5237/Order/Table - null null
2024-09-24 20:51:03.788 +02:00 [INF] Executing endpoint 'FoodHub.Controllers.OrderController.Table (FoodHub)'
2024-09-24 20:51:03.791 +02:00 [INF] Route matched with {action = "Table", controller = "Order"}. Executing controller action with signature System.Threading.Tasks.Task`1[Microsoft.AspNetCore.Mvc.IActionResult] Table() on controller FoodHub.Controllers.OrderController (FoodHub).
2024-09-24 20:51:03.798 +02:00 [INF] Executing ViewResult, running view Table.
2024-09-24 20:51:03.842 +02:00 [INF] Executed ViewResult - view Table executed in 44.108ms.
2024-09-24 20:51:03.842 +02:00 [INF] Executed action FoodHub.Controllers.OrderController.Table (FoodHub) in 50.7987ms
2024-09-24 20:51:03.842 +02:00 [INF] Executed endpoint 'FoodHub.Controllers.OrderController.Table (FoodHub)'
2024-09-24 20:51:03.842 +02:00 [INF] Request finished HTTP/1.1 GET http://localhost:5237/Order/Table - 200 null text/html; charset=utf-8 53.9405ms
2024-09-24 20:51:03.853 +02:00 [INF] Request starting HTTP/1.1 GET http://localhost:5237/js/jquery-min.js - null null
2024-09-24 20:51:03.853 +02:00 [INF] Request finished HTTP/1.1 GET http://localhost:5237/js/jquery-min.js - 404 0 null 0.2502ms
2024-09-24 20:51:03.854 +02:00 [INF] Request reached the end of the middleware pipeline without being handled by application code. Request path: GET http://localhost:5237/js/jquery-min.js, Response status code: 404
2024-09-24 20:51:05.240 +02:00 [INF] Request starting HTTP/1.1 GET http://localhost:5237/Customer/Table - null null
2024-09-24 20:51:05.240 +02:00 [INF] Executing endpoint 'FoodHub.Controllers.CustomerController.Table (FoodHub)'
2024-09-24 20:51:05.240 +02:00 [INF] Route matched with {action = "Table", controller = "Customer"}. Executing controller action with signature System.Threading.Tasks.Task`1[Microsoft.AspNetCore.Mvc.IActionResult] Table() on controller FoodHub.Controllers.CustomerController (FoodHub).
2024-09-24 20:51:05.244 +02:00 [INF] Executing ViewResult, running view Table.
2024-09-24 20:51:05.249 +02:00 [INF] Executed ViewResult - view Table executed in 4.8316ms.
2024-09-24 20:51:05.249 +02:00 [INF] Executed action FoodHub.Controllers.CustomerController.Table (FoodHub) in 8.219ms
2024-09-24 20:51:05.249 +02:00 [INF] Executed endpoint 'FoodHub.Controllers.CustomerController.Table (FoodHub)'
2024-09-24 20:51:05.249 +02:00 [INF] Request finished HTTP/1.1 GET http://localhost:5237/Customer/Table - 200 null text/html; charset=utf-8 8.7849ms
2024-09-24 20:51:05.254 +02:00 [INF] Request starting HTTP/1.1 GET http://localhost:5237/js/jquery-min.js - null null
2024-09-24 20:51:05.255 +02:00 [INF] Request finished HTTP/1.1 GET http://localhost:5237/js/jquery-min.js - 404 0 null 0.3594ms
2024-09-24 20:51:05.255 +02:00 [INF] Request reached the end of the middleware pipeline without being handled by application code. Request path: GET http://localhost:5237/js/jquery-min.js, Response status code: 404
2024-09-24 20:55:23.105 +02:00 [INF] Application is shutting down...
2024-09-24 21:07:52.145 +02:00 [INF] User profile is available. Using '/Users/haraldeskeland/.aspnet/DataProtection-Keys' as key repository; keys will not be encrypted at rest.
2024-09-24 21:07:52.176 +02:00 [INF] Now listening on: http://localhost:5237
2024-09-24 21:07:52.178 +02:00 [INF] Application started. Press Ctrl+C to shut down.
2024-09-24 21:07:52.178 +02:00 [INF] Hosting environment: Development
2024-09-24 21:07:52.178 +02:00 [INF] Content root path: /Users/haraldeskeland/Documents/SKOLE/3.år/WebApp/ukesoppgaver/FoodHub
2024-09-24 21:07:53.180 +02:00 [INF] Request starting HTTP/1.1 GET http://localhost:5237/js/jquery-min.js - null null
2024-09-24 21:07:53.191 +02:00 [INF] Request finished HTTP/1.1 GET http://localhost:5237/js/jquery-min.js - 404 0 null 11.2377ms
2024-09-24 21:07:53.193 +02:00 [INF] Request reached the end of the middleware pipeline without being handled by application code. Request path: GET http://localhost:5237/js/jquery-min.js, Response status code: 404
2024-09-24 21:07:54.126 +02:00 [INF] Request starting HTTP/1.1 GET http://localhost:5237/ - null null
2024-09-24 21:07:54.127 +02:00 [INF] Executing endpoint 'FoodHub.Controllers.HomeController.Index (FoodHub)'
2024-09-24 21:07:54.132 +02:00 [INF] Route matched with {action = "Index", controller = "Home"}. Executing controller action with signature Microsoft.AspNetCore.Mvc.IActionResult Index() on controller FoodHub.Controllers.HomeController (FoodHub).
2024-09-24 21:07:54.138 +02:00 [INF] Executing ViewResult, running view Index.
2024-09-24 21:07:54.163 +02:00 [INF] Executed ViewResult - view Index executed in 25.4923ms.
2024-09-24 21:07:54.163 +02:00 [INF] Executed action FoodHub.Controllers.HomeController.Index (FoodHub) in 30.7104ms
2024-09-24 21:07:54.163 +02:00 [INF] Executed endpoint 'FoodHub.Controllers.HomeController.Index (FoodHub)'
2024-09-24 21:07:54.164 +02:00 [INF] Request finished HTTP/1.1 GET http://localhost:5237/ - 200 null text/html; charset=utf-8 37.8005ms
2024-09-24 21:07:54.166 +02:00 [INF] Request starting HTTP/1.1 GET http://localhost:5237/js/jquery-min.js - null null
2024-09-24 21:07:54.167 +02:00 [INF] Request finished HTTP/1.1 GET http://localhost:5237/js/jquery-min.js - 404 0 null 0.7807ms
2024-09-24 21:07:54.167 +02:00 [INF] Request reached the end of the middleware pipeline without being handled by application code. Request path: GET http://localhost:5237/js/jquery-min.js, Response status code: 404
2024-09-24 21:07:58.122 +02:00 [INF] Request starting HTTP/1.1 GET http://localhost:5237/Item/Table - null null
2024-09-24 21:07:58.122 +02:00 [INF] Executing endpoint 'FoodHub.Controllers.ItemController.Table (FoodHub)'
2024-09-24 21:07:58.128 +02:00 [INF] Route matched with {action = "Table", controller = "Item"}. Executing controller action with signature System.Threading.Tasks.Task`1[Microsoft.AspNetCore.Mvc.IActionResult] Table() on controller FoodHub.Controllers.ItemController (FoodHub).
2024-09-24 21:07:58.184 +02:00 [INF] Executing ViewResult, running view Table.
2024-09-24 21:07:58.193 +02:00 [INF] Executed ViewResult - view Table executed in 8.8373ms.
2024-09-24 21:07:58.193 +02:00 [INF] Executed action FoodHub.Controllers.ItemController.Table (FoodHub) in 65.0155ms
2024-09-24 21:07:58.193 +02:00 [INF] Executed endpoint 'FoodHub.Controllers.ItemController.Table (FoodHub)'
2024-09-24 21:07:58.195 +02:00 [INF] Request finished HTTP/1.1 GET http://localhost:5237/Item/Table - 200 null text/html; charset=utf-8 73.2777ms
2024-09-24 21:07:58.208 +02:00 [INF] Request starting HTTP/1.1 GET http://localhost:5237/js/jquery-min.js - null null
2024-09-24 21:07:58.208 +02:00 [INF] Request finished HTTP/1.1 GET http://localhost:5237/js/jquery-min.js - 404 0 null 0.379ms
2024-09-24 21:07:58.208 +02:00 [INF] Request reached the end of the middleware pipeline without being handled by application code. Request path: GET http://localhost:5237/js/jquery-min.js, Response status code: 404
2024-09-24 21:07:59.559 +02:00 [INF] Request starting HTTP/1.1 GET http://localhost:5237/Item/Create - null null
2024-09-24 21:07:59.562 +02:00 [INF] Executing endpoint 'FoodHub.Controllers.ItemController.Create (FoodHub)'
2024-09-24 21:07:59.564 +02:00 [INF] Route matched with {action = "Create", controller = "Item"}. Executing controller action with signature Microsoft.AspNetCore.Mvc.IActionResult Create() on controller FoodHub.Controllers.ItemController (FoodHub).
2024-09-24 21:07:59.565 +02:00 [INF] Executing ViewResult, running view Create.
2024-09-24 21:07:59.598 +02:00 [INF] Executed ViewResult - view Create executed in 33.6412ms.
2024-09-24 21:07:59.598 +02:00 [INF] Executed action FoodHub.Controllers.ItemController.Create (FoodHub) in 34.5059ms
2024-09-24 21:07:59.598 +02:00 [INF] Executed endpoint 'FoodHub.Controllers.ItemController.Create (FoodHub)'
2024-09-24 21:07:59.598 +02:00 [INF] Request finished HTTP/1.1 GET http://localhost:5237/Item/Create - 200 null text/html; charset=utf-8 39.6411ms
2024-09-24 21:07:59.618 +02:00 [INF] Request starting HTTP/1.1 GET http://localhost:5237/js/jquery-min.js - null null
2024-09-24 21:07:59.618 +02:00 [INF] Request finished HTTP/1.1 GET http://localhost:5237/js/jquery-min.js - 404 0 null 0.561ms
2024-09-24 21:07:59.618 +02:00 [INF] Request reached the end of the middleware pipeline without being handled by application code. Request path: GET http://localhost:5237/js/jquery-min.js, Response status code: 404
2024-09-24 21:08:01.623 +02:00 [INF] Request starting HTTP/1.1 POST http://localhost:5237/Item/Create - application/x-www-form-urlencoded 222
2024-09-24 21:08:01.623 +02:00 [INF] Executing endpoint 'FoodHub.Controllers.ItemController.Create (FoodHub)'
2024-09-24 21:08:01.640 +02:00 [INF] Route matched with {action = "Create", controller = "Item"}. Executing controller action with signature System.Threading.Tasks.Task`1[Microsoft.AspNetCore.Mvc.IActionResult] Create(FoodHub.Models.Item) on controller FoodHub.Controllers.ItemController (FoodHub).
2024-09-24 21:08:01.662 +02:00 [WRN] [ItemController] Item creation failed {"ItemId":0,"Name":"test","Price":0,"Description":null,"ImageUrl":null,"OrderItems":null,"$type":"Item"}
2024-09-24 21:08:01.663 +02:00 [INF] Executing ViewResult, running view Create.
2024-09-24 21:08:01.665 +02:00 [INF] Executed ViewResult - view Create executed in 2.0111ms.
2024-09-24 21:08:01.665 +02:00 [INF] Executed action FoodHub.Controllers.ItemController.Create (FoodHub) in 24.9767ms
2024-09-24 21:08:01.666 +02:00 [INF] Executed endpoint 'FoodHub.Controllers.ItemController.Create (FoodHub)'
2024-09-24 21:08:01.666 +02:00 [INF] Request finished HTTP/1.1 POST http://localhost:5237/Item/Create - 200 null text/html; charset=utf-8 42.485ms
2024-09-24 21:08:01.675 +02:00 [INF] Request starting HTTP/1.1 GET http://localhost:5237/js/jquery-min.js - null null
2024-09-24 21:08:01.675 +02:00 [INF] Request finished HTTP/1.1 GET http://localhost:5237/js/jquery-min.js - 404 0 null 0.3022ms
2024-09-24 21:08:01.675 +02:00 [INF] Request reached the end of the middleware pipeline without being handled by application code. Request path: GET http://localhost:5237/js/jquery-min.js, Response status code: 404
2024-09-24 21:08:06.801 +02:00 [INF] Request starting HTTP/1.1 POST http://localhost:5237/Item/Create - application/x-www-form-urlencoded 222
2024-09-24 21:08:06.801 +02:00 [INF] Executing endpoint 'FoodHub.Controllers.ItemController.Create (FoodHub)'
2024-09-24 21:08:06.802 +02:00 [INF] Route matched with {action = "Create", controller = "Item"}. Executing controller action with signature System.Threading.Tasks.Task`1[Microsoft.AspNetCore.Mvc.IActionResult] Create(FoodHub.Models.Item) on controller FoodHub.Controllers.ItemController (FoodHub).
2024-09-24 21:08:06.805 +02:00 [WRN] [ItemController] Item creation failed {"ItemId":0,"Name":"test","Price":0,"Description":null,"ImageUrl":null,"OrderItems":null,"$type":"Item"}
2024-09-24 21:08:06.805 +02:00 [INF] Executing ViewResult, running view Create.
2024-09-24 21:08:06.807 +02:00 [INF] Executed ViewResult - view Create executed in 1.7996ms.
2024-09-24 21:08:06.807 +02:00 [INF] Executed action FoodHub.Controllers.ItemController.Create (FoodHub) in 5.1908ms
2024-09-24 21:08:06.807 +02:00 [INF] Executed endpoint 'FoodHub.Controllers.ItemController.Create (FoodHub)'
2024-09-24 21:08:06.807 +02:00 [INF] Request finished HTTP/1.1 POST http://localhost:5237/Item/Create - 200 null text/html; charset=utf-8 6.6624ms
2024-09-24 21:08:06.816 +02:00 [INF] Request starting HTTP/1.1 GET http://localhost:5237/js/jquery-min.js - null null
2024-09-24 21:08:06.816 +02:00 [INF] Request finished HTTP/1.1 GET http://localhost:5237/js/jquery-min.js - 404 0 null 0.5126ms
2024-09-24 21:08:06.816 +02:00 [INF] Request reached the end of the middleware pipeline without being handled by application code. Request path: GET http://localhost:5237/js/jquery-min.js, Response status code: 404
2024-09-24 21:08:08.665 +02:00 [INF] Request starting HTTP/1.1 POST http://localhost:5237/Item/Create - application/x-www-form-urlencoded 222
2024-09-24 21:08:08.666 +02:00 [INF] Executing endpoint 'FoodHub.Controllers.ItemController.Create (FoodHub)'
2024-09-24 21:08:08.666 +02:00 [INF] Route matched with {action = "Create", controller = "Item"}. Executing controller action with signature System.Threading.Tasks.Task`1[Microsoft.AspNetCore.Mvc.IActionResult] Create(FoodHub.Models.Item) on controller FoodHub.Controllers.ItemController (FoodHub).
2024-09-24 21:08:08.666 +02:00 [WRN] [ItemController] Item creation failed {"ItemId":0,"Name":"test","Price":0,"Description":null,"ImageUrl":null,"OrderItems":null,"$type":"Item"}
2024-09-24 21:08:08.667 +02:00 [INF] Executing ViewResult, running view Create.
2024-09-24 21:08:08.668 +02:00 [INF] Executed ViewResult - view Create executed in 1.9461ms.
2024-09-24 21:08:08.669 +02:00 [INF] Executed action FoodHub.Controllers.ItemController.Create (FoodHub) in 2.8817ms
2024-09-24 21:08:08.669 +02:00 [INF] Executed endpoint 'FoodHub.Controllers.ItemController.Create (FoodHub)'
2024-09-24 21:08:08.669 +02:00 [INF] Request finished HTTP/1.1 POST http://localhost:5237/Item/Create - 200 null text/html; charset=utf-8 3.4165ms
2024-09-24 21:08:08.683 +02:00 [INF] Request starting HTTP/1.1 GET http://localhost:5237/js/jquery-min.js - null null
2024-09-24 21:08:08.684 +02:00 [INF] Request finished HTTP/1.1 GET http://localhost:5237/js/jquery-min.js - 404 0 null 1.118ms
2024-09-24 21:08:08.684 +02:00 [INF] Request reached the end of the middleware pipeline without being handled by application code. Request path: GET http://localhost:5237/js/jquery-min.js, Response status code: 404
2024-09-24 21:08:09.204 +02:00 [INF] Request starting HTTP/1.1 POST http://localhost:5237/Item/Create - application/x-www-form-urlencoded 222
2024-09-24 21:08:09.204 +02:00 [INF] Executing endpoint 'FoodHub.Controllers.ItemController.Create (FoodHub)'
2024-09-24 21:08:09.205 +02:00 [INF] Route matched with {action = "Create", controller = "Item"}. Executing controller action with signature System.Threading.Tasks.Task`1[Microsoft.AspNetCore.Mvc.IActionResult] Create(FoodHub.Models.Item) on controller FoodHub.Controllers.ItemController (FoodHub).
2024-09-24 21:08:09.207 +02:00 [WRN] [ItemController] Item creation failed {"ItemId":0,"Name":"test","Price":0,"Description":null,"ImageUrl":null,"OrderItems":null,"$type":"Item"}
2024-09-24 21:08:09.208 +02:00 [INF] Executing ViewResult, running view Create.
2024-09-24 21:08:09.214 +02:00 [INF] Executed ViewResult - view Create executed in 6.599ms.
2024-09-24 21:08:09.214 +02:00 [INF] Executed action FoodHub.Controllers.ItemController.Create (FoodHub) in 9.6687ms
2024-09-24 21:08:09.214 +02:00 [INF] Executed endpoint 'FoodHub.Controllers.ItemController.Create (FoodHub)'
2024-09-24 21:08:09.215 +02:00 [INF] Request finished HTTP/1.1 POST http://localhost:5237/Item/Create - 200 null text/html; charset=utf-8 10.368ms
2024-09-24 21:08:09.223 +02:00 [INF] Request starting HTTP/1.1 GET http://localhost:5237/js/jquery-min.js - null null
2024-09-24 21:08:09.223 +02:00 [INF] Request finished HTTP/1.1 GET http://localhost:5237/js/jquery-min.js - 404 0 null 0.5628ms
2024-09-24 21:08:09.223 +02:00 [INF] Request reached the end of the middleware pipeline without being handled by application code. Request path: GET http://localhost:5237/js/jquery-min.js, Response status code: 404
2024-09-24 21:08:10.851 +02:00 [INF] Request starting HTTP/1.1 POST http://localhost:5237/Item/Create - application/x-www-form-urlencoded 224
2024-09-24 21:08:10.851 +02:00 [INF] Executing endpoint 'FoodHub.Controllers.ItemController.Create (FoodHub)'
2024-09-24 21:08:10.851 +02:00 [INF] Route matched with {action = "Create", controller = "Item"}. Executing controller action with signature System.Threading.Tasks.Task`1[Microsoft.AspNetCore.Mvc.IActionResult] Create(FoodHub.Models.Item) on controller FoodHub.Controllers.ItemController (FoodHub).
2024-09-24 21:08:10.924 +02:00 [INF] Executing RedirectResult, redirecting to /Item/Table.
2024-09-24 21:08:10.924 +02:00 [INF] Executed action FoodHub.Controllers.ItemController.Create (FoodHub) in 72.7295ms
2024-09-24 21:08:10.924 +02:00 [INF] Executed endpoint 'FoodHub.Controllers.ItemController.Create (FoodHub)'
2024-09-24 21:08:10.924 +02:00 [INF] Request finished HTTP/1.1 POST http://localhost:5237/Item/Create - 302 0 null 73.2382ms
2024-09-24 21:08:10.926 +02:00 [INF] Request starting HTTP/1.1 GET http://localhost:5237/Item/Table - null null
2024-09-24 21:08:10.926 +02:00 [INF] Executing endpoint 'FoodHub.Controllers.ItemController.Table (FoodHub)'
2024-09-24 21:08:10.926 +02:00 [INF] Route matched with {action = "Table", controller = "Item"}. Executing controller action with signature System.Threading.Tasks.Task`1[Microsoft.AspNetCore.Mvc.IActionResult] Table() on controller FoodHub.Controllers.ItemController (FoodHub).
2024-09-24 21:08:10.928 +02:00 [INF] Executing ViewResult, running view Table.
2024-09-24 21:08:10.928 +02:00 [INF] Executed ViewResult - view Table executed in 0.7518ms.
2024-09-24 21:08:10.928 +02:00 [INF] Executed action FoodHub.Controllers.ItemController.Table (FoodHub) in 1.8386ms
2024-09-24 21:08:10.928 +02:00 [INF] Executed endpoint 'FoodHub.Controllers.ItemController.Table (FoodHub)'
2024-09-24 21:08:10.928 +02:00 [INF] Request finished HTTP/1.1 GET http://localhost:5237/Item/Table - 200 null text/html; charset=utf-8 2.1225ms
2024-09-24 21:08:10.945 +02:00 [INF] Request starting HTTP/1.1 GET http://localhost:5237/js/jquery-min.js - null null
2024-09-24 21:08:10.946 +02:00 [INF] Request finished HTTP/1.1 GET http://localhost:5237/js/jquery-min.js - 404 0 null 0.1822ms
2024-09-24 21:08:10.946 +02:00 [INF] Request reached the end of the middleware pipeline without being handled by application code. Request path: GET http://localhost:5237/js/jquery-min.js, Response status code: 404
2024-09-24 21:08:22.489 +02:00 [INF] Request starting HTTP/1.1 GET http://localhost:5237/Item/Create - null null
2024-09-24 21:08:22.490 +02:00 [INF] Executing endpoint 'FoodHub.Controllers.ItemController.Create (FoodHub)'
2024-09-24 21:08:22.490 +02:00 [INF] Route matched with {action = "Create", controller = "Item"}. Executing controller action with signature Microsoft.AspNetCore.Mvc.IActionResult Create() on controller FoodHub.Controllers.ItemController (FoodHub).
2024-09-24 21:08:22.490 +02:00 [INF] Executing ViewResult, running view Create.
2024-09-24 21:08:22.492 +02:00 [INF] Executed ViewResult - view Create executed in 1.3724ms.
2024-09-24 21:08:22.492 +02:00 [INF] Executed action FoodHub.Controllers.ItemController.Create (FoodHub) in 1.8276ms
2024-09-24 21:08:22.492 +02:00 [INF] Executed endpoint 'FoodHub.Controllers.ItemController.Create (FoodHub)'
2024-09-24 21:08:22.492 +02:00 [INF] Request finished HTTP/1.1 GET http://localhost:5237/Item/Create - 200 null text/html; charset=utf-8 2.3492ms
2024-09-24 21:08:22.504 +02:00 [INF] Request starting HTTP/1.1 GET http://localhost:5237/js/jquery-min.js - null null
2024-09-24 21:08:22.504 +02:00 [INF] Request finished HTTP/1.1 GET http://localhost:5237/js/jquery-min.js - 404 0 null 0.3356ms
2024-09-24 21:08:22.504 +02:00 [INF] Request reached the end of the middleware pipeline without being handled by application code. Request path: GET http://localhost:5237/js/jquery-min.js, Response status code: 404
2024-09-24 21:08:40.373 +02:00 [INF] Request starting HTTP/1.1 POST http://localhost:5237/Item/Create - application/x-www-form-urlencoded 225
2024-09-24 21:08:40.374 +02:00 [INF] Executing endpoint 'FoodHub.Controllers.ItemController.Create (FoodHub)'
2024-09-24 21:08:40.374 +02:00 [INF] Route matched with {action = "Create", controller = "Item"}. Executing controller action with signature System.Threading.Tasks.Task`1[Microsoft.AspNetCore.Mvc.IActionResult] Create(FoodHub.Models.Item) on controller FoodHub.Controllers.ItemController (FoodHub).
2024-09-24 21:08:40.375 +02:00 [WRN] [ItemController] Item creation failed {"ItemId":0,"Name":"##","Price":0,"Description":null,"ImageUrl":null,"OrderItems":null,"$type":"Item"}
2024-09-24 21:08:40.375 +02:00 [INF] Executing ViewResult, running view Create.
2024-09-24 21:08:40.377 +02:00 [INF] Executed ViewResult - view Create executed in 1.2934ms.
2024-09-24 21:08:40.377 +02:00 [INF] Executed action FoodHub.Controllers.ItemController.Create (FoodHub) in 3.009ms
2024-09-24 21:08:40.377 +02:00 [INF] Executed endpoint 'FoodHub.Controllers.ItemController.Create (FoodHub)'
2024-09-24 21:08:40.377 +02:00 [INF] Request finished HTTP/1.1 POST http://localhost:5237/Item/Create - 200 null text/html; charset=utf-8 3.5896ms
2024-09-24 21:08:40.399 +02:00 [INF] Request starting HTTP/1.1 GET http://localhost:5237/js/jquery-min.js - null null
2024-09-24 21:08:40.400 +02:00 [INF] Request finished HTTP/1.1 GET http://localhost:5237/js/jquery-min.js - 404 0 null 0.5695ms
2024-09-24 21:08:40.400 +02:00 [INF] Request reached the end of the middleware pipeline without being handled by application code. Request path: GET http://localhost:5237/js/jquery-min.js, Response status code: 404
2024-09-24 21:08:57.708 +02:00 [INF] Request starting HTTP/1.1 POST http://localhost:5237/Item/Create - application/x-www-form-urlencoded 425
2024-09-24 21:08:57.709 +02:00 [INF] Executing endpoint 'FoodHub.Controllers.ItemController.Create (FoodHub)'
2024-09-24 21:08:57.709 +02:00 [INF] Route matched with {action = "Create", controller = "Item"}. Executing controller action with signature System.Threading.Tasks.Task`1[Microsoft.AspNetCore.Mvc.IActionResult] Create(FoodHub.Models.Item) on controller FoodHub.Controllers.ItemController (FoodHub).
2024-09-24 21:08:57.713 +02:00 [WRN] [ItemController] Item creation failed {"ItemId":0,"Name":"##","Price":0,"Description":"hei hei hei hei heihei hei hei hei heihei hei hei hei heihei hei hei hei heihei hei hei hei heihei hei hei hei heihei hei hei hei heihei hei hei hei heihei hei hei hei heihei hei hei hei heihei hei he","ImageUrl":null,"OrderItems":null,"$type":"Item"}
2024-09-24 21:08:57.713 +02:00 [INF] Executing ViewResult, running view Create.
2024-09-24 21:08:57.715 +02:00 [INF] Executed ViewResult - view Create executed in 2.1425ms.
2024-09-24 21:08:57.715 +02:00 [INF] Executed action FoodHub.Controllers.ItemController.Create (FoodHub) in 5.7886ms
2024-09-24 21:08:57.715 +02:00 [INF] Executed endpoint 'FoodHub.Controllers.ItemController.Create (FoodHub)'
2024-09-24 21:08:57.715 +02:00 [INF] Request finished HTTP/1.1 POST http://localhost:5237/Item/Create - 200 null text/html; charset=utf-8 7.2746ms
2024-09-24 21:08:57.725 +02:00 [INF] Request starting HTTP/1.1 GET http://localhost:5237/js/jquery-min.js - null null
2024-09-24 21:08:57.726 +02:00 [INF] Request finished HTTP/1.1 GET http://localhost:5237/js/jquery-min.js - 404 0 null 1.3585ms
2024-09-24 21:08:57.730 +02:00 [INF] Request reached the end of the middleware pipeline without being handled by application code. Request path: GET http://localhost:5237/js/jquery-min.js, Response status code: 404
2024-09-24 21:08:59.972 +02:00 [INF] Request starting HTTP/1.1 POST http://localhost:5237/Item/Create - application/x-www-form-urlencoded 425
2024-09-24 21:08:59.972 +02:00 [INF] Executing endpoint 'FoodHub.Controllers.ItemController.Create (FoodHub)'
2024-09-24 21:08:59.972 +02:00 [INF] Route matched with {action = "Create", controller = "Item"}. Executing controller action with signature System.Threading.Tasks.Task`1[Microsoft.AspNetCore.Mvc.IActionResult] Create(FoodHub.Models.Item) on controller FoodHub.Controllers.ItemController (FoodHub).
2024-09-24 21:08:59.973 +02:00 [WRN] [ItemController] Item creation failed {"ItemId":0,"Name":"##","Price":0,"Description":"hei hei hei hei heihei hei hei hei heihei hei hei hei heihei hei hei hei heihei hei hei hei heihei hei hei hei heihei hei hei hei heihei hei hei hei heihei hei hei hei heihei hei hei hei heihei hei he","ImageUrl":null,"OrderItems":null,"$type":"Item"}
2024-09-24 21:08:59.973 +02:00 [INF] Executing ViewResult, running view Create.
2024-09-24 21:08:59.974 +02:00 [INF] Executed ViewResult - view Create executed in 1.1923ms.
2024-09-24 21:08:59.974 +02:00 [INF] Executed action FoodHub.Controllers.ItemController.Create (FoodHub) in 2.0454ms
2024-09-24 21:08:59.974 +02:00 [INF] Executed endpoint 'FoodHub.Controllers.ItemController.Create (FoodHub)'
2024-09-24 21:08:59.975 +02:00 [INF] Request finished HTTP/1.1 POST http://localhost:5237/Item/Create - 200 null text/html; charset=utf-8 2.4443ms
2024-09-24 21:08:59.992 +02:00 [INF] Request starting HTTP/1.1 GET http://localhost:5237/js/jquery-min.js - null null
2024-09-24 21:08:59.992 +02:00 [INF] Request finished HTTP/1.1 GET http://localhost:5237/js/jquery-min.js - 404 0 null 0.3252ms
2024-09-24 21:08:59.992 +02:00 [INF] Request reached the end of the middleware pipeline without being handled by application code. Request path: GET http://localhost:5237/js/jquery-min.js, Response status code: 404
2024-09-24 21:09:05.999 +02:00 [INF] Request starting HTTP/1.1 POST http://localhost:5237/Item/Create - application/x-www-form-urlencoded 425
2024-09-24 21:09:05.999 +02:00 [INF] Executing endpoint 'FoodHub.Controllers.ItemController.Create (FoodHub)'
2024-09-24 21:09:05.999 +02:00 [INF] Route matched with {action = "Create", controller = "Item"}. Executing controller action with signature System.Threading.Tasks.Task`1[Microsoft.AspNetCore.Mvc.IActionResult] Create(FoodHub.Models.Item) on controller FoodHub.Controllers.ItemController (FoodHub).
2024-09-24 21:09:06.000 +02:00 [WRN] [ItemController] Item creation failed {"ItemId":0,"Name":"##","Price":0,"Description":"hei hei hei hei heihei hei hei hei heihei hei hei hei heihei hei hei hei heihei hei hei hei heihei hei hei hei heihei hei hei hei heihei hei hei hei heihei hei hei hei heihei hei hei hei heihei hei he","ImageUrl":null,"OrderItems":null,"$type":"Item"}
2024-09-24 21:09:06.000 +02:00 [INF] Executing ViewResult, running view Create.
2024-09-24 21:09:06.001 +02:00 [INF] Executed ViewResult - view Create executed in 1.6255ms.
2024-09-24 21:09:06.002 +02:00 [INF] Executed action FoodHub.Controllers.ItemController.Create (FoodHub) in 3.1899ms
2024-09-24 21:09:06.002 +02:00 [INF] Executed endpoint 'FoodHub.Controllers.ItemController.Create (FoodHub)'
2024-09-24 21:09:06.002 +02:00 [INF] Request finished HTTP/1.1 POST http://localhost:5237/Item/Create - 200 null text/html; charset=utf-8 3.8267ms
2024-09-24 21:09:06.010 +02:00 [INF] Request starting HTTP/1.1 GET http://localhost:5237/js/jquery-min.js - null null
2024-09-24 21:09:06.011 +02:00 [INF] Request finished HTTP/1.1 GET http://localhost:5237/js/jquery-min.js - 404 0 null 0.9883ms
2024-09-24 21:09:06.011 +02:00 [INF] Request reached the end of the middleware pipeline without being handled by application code. Request path: GET http://localhost:5237/js/jquery-min.js, Response status code: 404
2024-09-24 21:09:21.658 +02:00 [INF] Request starting HTTP/1.1 POST http://localhost:5237/Item/Create - application/x-www-form-urlencoded 425
2024-09-24 21:09:21.658 +02:00 [INF] Executing endpoint 'FoodHub.Controllers.ItemController.Create (FoodHub)'
2024-09-24 21:09:21.658 +02:00 [INF] Route matched with {action = "Create", controller = "Item"}. Executing controller action with signature System.Threading.Tasks.Task`1[Microsoft.AspNetCore.Mvc.IActionResult] Create(FoodHub.Models.Item) on controller FoodHub.Controllers.ItemController (FoodHub).
2024-09-24 21:09:21.660 +02:00 [WRN] [ItemController] Item creation failed {"ItemId":0,"Name":"##","Price":0,"Description":"hei hei hei hei heihei hei hei hei heihei hei hei hei heihei hei hei hei heihei hei hei hei heihei hei hei hei heihei hei hei hei heihei hei hei hei heihei hei hei hei heihei hei hei hei heihei hei he","ImageUrl":null,"OrderItems":null,"$type":"Item"}
2024-09-24 21:09:21.660 +02:00 [INF] Executing ViewResult, running view Create.
2024-09-24 21:09:21.661 +02:00 [INF] Executed ViewResult - view Create executed in 0.9601ms.
2024-09-24 21:09:21.661 +02:00 [INF] Executed action FoodHub.Controllers.ItemController.Create (FoodHub) in 2.4208ms
2024-09-24 21:09:21.661 +02:00 [INF] Executed endpoint 'FoodHub.Controllers.ItemController.Create (FoodHub)'
2024-09-24 21:09:21.661 +02:00 [INF] Request finished HTTP/1.1 POST http://localhost:5237/Item/Create - 200 null text/html; charset=utf-8 2.9311ms
2024-09-24 21:09:21.675 +02:00 [INF] Request starting HTTP/1.1 GET http://localhost:5237/js/jquery-min.js - null null
2024-09-24 21:09:21.676 +02:00 [INF] Request finished HTTP/1.1 GET http://localhost:5237/js/jquery-min.js - 404 0 null 0.83ms
2024-09-24 21:09:21.676 +02:00 [INF] Request reached the end of the middleware pipeline without being handled by application code. Request path: GET http://localhost:5237/js/jquery-min.js, Response status code: 404
2024-09-24 21:09:55.309 +02:00 [INF] Application is shutting down...
2024-09-24 21:09:59.875 +02:00 [INF] User profile is available. Using '/Users/haraldeskeland/.aspnet/DataProtection-Keys' as key repository; keys will not be encrypted at rest.
2024-09-24 21:09:59.897 +02:00 [INF] Now listening on: http://localhost:5237
2024-09-24 21:09:59.898 +02:00 [INF] Application started. Press Ctrl+C to shut down.
2024-09-24 21:09:59.898 +02:00 [INF] Hosting environment: Development
2024-09-24 21:09:59.898 +02:00 [INF] Content root path: /Users/haraldeskeland/Documents/SKOLE/3.år/WebApp/ukesoppgaver/FoodHub
2024-09-24 21:10:03.435 +02:00 [INF] Request starting HTTP/1.1 GET http://localhost:5237/Customer/Table - null null
2024-09-24 21:10:03.450 +02:00 [INF] Executing endpoint 'FoodHub.Controllers.CustomerController.Table (FoodHub)'
2024-09-24 21:10:03.454 +02:00 [INF] Route matched with {action = "Table", controller = "Customer"}. Executing controller action with signature System.Threading.Tasks.Task`1[Microsoft.AspNetCore.Mvc.IActionResult] Table() on controller FoodHub.Controllers.CustomerController (FoodHub).
2024-09-24 21:10:03.492 +02:00 [INF] Executing ViewResult, running view Table.
2024-09-24 21:10:03.525 +02:00 [INF] Executed ViewResult - view Table executed in 33.2322ms.
2024-09-24 21:10:03.526 +02:00 [INF] Executed action FoodHub.Controllers.CustomerController.Table (FoodHub) in 71.1593ms
2024-09-24 21:10:03.526 +02:00 [INF] Executed endpoint 'FoodHub.Controllers.CustomerController.Table (FoodHub)'
2024-09-24 21:10:03.530 +02:00 [INF] Request finished HTTP/1.1 GET http://localhost:5237/Customer/Table - 200 null text/html; charset=utf-8 95.2754ms
2024-09-24 21:10:03.533 +02:00 [INF] Request starting HTTP/1.1 GET http://localhost:5237/js/jquery-min.js - null null
2024-09-24 21:10:03.535 +02:00 [INF] Request finished HTTP/1.1 GET http://localhost:5237/js/jquery-min.js - 404 0 null 1.8867ms
2024-09-24 21:10:03.539 +02:00 [INF] Request reached the end of the middleware pipeline without being handled by application code. Request path: GET http://localhost:5237/js/jquery-min.js, Response status code: 404
2024-09-24 21:10:03.919 +02:00 [INF] Request starting HTTP/1.1 GET http://localhost:5237/Item/Table - null null
2024-09-24 21:10:03.920 +02:00 [INF] Executing endpoint 'FoodHub.Controllers.ItemController.Table (FoodHub)'
2024-09-24 21:10:03.922 +02:00 [INF] Route matched with {action = "Table", controller = "Item"}. Executing controller action with signature System.Threading.Tasks.Task`1[Microsoft.AspNetCore.Mvc.IActionResult] Table() on controller FoodHub.Controllers.ItemController (FoodHub).
2024-09-24 21:10:03.944 +02:00 [INF] Executing ViewResult, running view Table.
2024-09-24 21:10:03.950 +02:00 [INF] Executed ViewResult - view Table executed in 6.99ms.
2024-09-24 21:10:03.950 +02:00 [INF] Executed action FoodHub.Controllers.ItemController.Table (FoodHub) in 28.1351ms
2024-09-24 21:10:03.950 +02:00 [INF] Executed endpoint 'FoodHub.Controllers.ItemController.Table (FoodHub)'
2024-09-24 21:10:03.951 +02:00 [INF] Request finished HTTP/1.1 GET http://localhost:5237/Item/Table - 200 null text/html; charset=utf-8 31.6726ms
2024-09-24 21:10:03.974 +02:00 [INF] Request starting HTTP/1.1 GET http://localhost:5237/js/jquery-min.js - null null
2024-09-24 21:10:03.974 +02:00 [INF] Request finished HTTP/1.1 GET http://localhost:5237/js/jquery-min.js - 404 0 null 0.3692ms
2024-09-24 21:10:03.974 +02:00 [INF] Request reached the end of the middleware pipeline without being handled by application code. Request path: GET http://localhost:5237/js/jquery-min.js, Response status code: 404
2024-09-24 21:10:05.334 +02:00 [INF] Request starting HTTP/1.1 GET http://localhost:5237/Item/Create - null null
2024-09-24 21:10:05.336 +02:00 [INF] Executing endpoint 'FoodHub.Controllers.ItemController.Create (FoodHub)'
2024-09-24 21:10:05.337 +02:00 [INF] Route matched with {action = "Create", controller = "Item"}. Executing controller action with signature Microsoft.AspNetCore.Mvc.IActionResult Create() on controller FoodHub.Controllers.ItemController (FoodHub).
2024-09-24 21:10:05.339 +02:00 [INF] Executing ViewResult, running view Create.
2024-09-24 21:10:05.382 +02:00 [INF] Executed ViewResult - view Create executed in 44.2201ms.
2024-09-24 21:10:05.382 +02:00 [INF] Executed action FoodHub.Controllers.ItemController.Create (FoodHub) in 45.5078ms
2024-09-24 21:10:05.383 +02:00 [INF] Executed endpoint 'FoodHub.Controllers.ItemController.Create (FoodHub)'
2024-09-24 21:10:05.383 +02:00 [INF] Request finished HTTP/1.1 GET http://localhost:5237/Item/Create - 200 null text/html; charset=utf-8 48.8907ms
2024-09-24 21:10:05.393 +02:00 [INF] Request starting HTTP/1.1 GET http://localhost:5237/js/jquery-min.js - null null
2024-09-24 21:10:05.393 +02:00 [INF] Request finished HTTP/1.1 GET http://localhost:5237/js/jquery-min.js - 404 0 null 0.2955ms
2024-09-24 21:10:05.393 +02:00 [INF] Request reached the end of the middleware pipeline without being handled by application code. Request path: GET http://localhost:5237/js/jquery-min.js, Response status code: 404
2024-09-24 21:10:11.332 +02:00 [INF] Request starting HTTP/1.1 POST http://localhost:5237/Item/Create - application/x-www-form-urlencoded 225
2024-09-24 21:10:11.332 +02:00 [INF] Executing endpoint 'FoodHub.Controllers.ItemController.Create (FoodHub)'
2024-09-24 21:10:11.348 +02:00 [INF] Route matched with {action = "Create", controller = "Item"}. Executing controller action with signature System.Threading.Tasks.Task`1[Microsoft.AspNetCore.Mvc.IActionResult] Create(FoodHub.Models.Item) on controller FoodHub.Controllers.ItemController (FoodHub).
2024-09-24 21:10:11.369 +02:00 [WRN] [ItemController] Item creation failed {"ItemId":0,"Name":"##","Price":0,"Description":null,"ImageUrl":null,"OrderItems":null,"$type":"Item"}
2024-09-24 21:10:11.371 +02:00 [INF] Executing ViewResult, running view Create.
2024-09-24 21:10:11.375 +02:00 [INF] Executed ViewResult - view Create executed in 3.5074ms.
2024-09-24 21:10:11.375 +02:00 [INF] Executed action FoodHub.Controllers.ItemController.Create (FoodHub) in 26.5077ms
2024-09-24 21:10:11.375 +02:00 [INF] Executed endpoint 'FoodHub.Controllers.ItemController.Create (FoodHub)'
2024-09-24 21:10:11.375 +02:00 [INF] Request finished HTTP/1.1 POST http://localhost:5237/Item/Create - 200 null text/html; charset=utf-8 43.3212ms
2024-09-24 21:10:11.394 +02:00 [INF] Request starting HTTP/1.1 GET http://localhost:5237/js/jquery-min.js - null null
2024-09-24 21:10:11.394 +02:00 [INF] Request finished HTTP/1.1 GET http://localhost:5237/js/jquery-min.js - 404 0 null 0.2725ms
2024-09-24 21:10:11.394 +02:00 [INF] Request reached the end of the middleware pipeline without being handled by application code. Request path: GET http://localhost:5237/js/jquery-min.js, Response status code: 404
2024-09-24 21:10:24.061 +02:00 [INF] Request starting HTTP/1.1 POST http://localhost:5237/Item/Create - application/x-www-form-urlencoded 425
2024-09-24 21:10:24.062 +02:00 [INF] Executing endpoint 'FoodHub.Controllers.ItemController.Create (FoodHub)'
2024-09-24 21:10:24.062 +02:00 [INF] Route matched with {action = "Create", controller = "Item"}. Executing controller action with signature System.Threading.Tasks.Task`1[Microsoft.AspNetCore.Mvc.IActionResult] Create(FoodHub.Models.Item) on controller FoodHub.Controllers.ItemController (FoodHub).
2024-09-24 21:10:24.066 +02:00 [WRN] [ItemController] Item creation failed {"ItemId":0,"Name":"##","Price":0,"Description":"fhjjdkshfjkdhfjdshfkhdjskfhjkdshfjkdshjkdhfkjsdhfjkhkjsdfhjkdshfjhdsljfhadkfjhdaskjflhdsajklfhdaskjfhsdaklfjhdslukafheuwhfluiwfhaeluidsfhadsifhdasfhladfuhasdjklfhdlsakjfhuiewlfhjkalsiudzxfkjhwaliufhja","ImageUrl":null,"OrderItems":null,"$type":"Item"}
2024-09-24 21:10:24.066 +02:00 [INF] Executing ViewResult, running view Create.
2024-09-24 21:10:24.069 +02:00 [INF] Executed ViewResult - view Create executed in 3.2057ms.
2024-09-24 21:10:24.069 +02:00 [INF] Executed action FoodHub.Controllers.ItemController.Create (FoodHub) in 7.3609ms
2024-09-24 21:10:24.069 +02:00 [INF] Executed endpoint 'FoodHub.Controllers.ItemController.Create (FoodHub)'
2024-09-24 21:10:24.070 +02:00 [INF] Request finished HTTP/1.1 POST http://localhost:5237/Item/Create - 200 null text/html; charset=utf-8 8.3815ms
2024-09-24 21:10:24.078 +02:00 [INF] Request starting HTTP/1.1 GET http://localhost:5237/js/jquery-min.js - null null
2024-09-24 21:10:24.078 +02:00 [INF] Request finished HTTP/1.1 GET http://localhost:5237/js/jquery-min.js - 404 0 null 0.6022ms
2024-09-24 21:10:24.078 +02:00 [INF] Request reached the end of the middleware pipeline without being handled by application code. Request path: GET http://localhost:5237/js/jquery-min.js, Response status code: 404
2024-09-24 21:10:24.469 +02:00 [INF] Request starting HTTP/1.1 POST http://localhost:5237/Item/Create - application/x-www-form-urlencoded 425
2024-09-24 21:10:24.470 +02:00 [INF] Executing endpoint 'FoodHub.Controllers.ItemController.Create (FoodHub)'
2024-09-24 21:10:24.470 +02:00 [INF] Route matched with {action = "Create", controller = "Item"}. Executing controller action with signature System.Threading.Tasks.Task`1[Microsoft.AspNetCore.Mvc.IActionResult] Create(FoodHub.Models.Item) on controller FoodHub.Controllers.ItemController (FoodHub).
2024-09-24 21:10:24.472 +02:00 [WRN] [ItemController] Item creation failed {"ItemId":0,"Name":"##","Price":0,"Description":"fhjjdkshfjkdhfjdshfkhdjskfhjkdshfjkdshjkdhfkjsdhfjkhkjsdfhjkdshfjhdsljfhadkfjhdaskjflhdsajklfhdaskjfhsdaklfjhdslukafheuwhfluiwfhaeluidsfhadsifhdasfhladfuhasdjklfhdlsakjfhuiewlfhjkalsiudzxfkjhwaliufhja","ImageUrl":null,"OrderItems":null,"$type":"Item"}
2024-09-24 21:10:24.472 +02:00 [INF] Executing ViewResult, running view Create.
2024-09-24 21:10:24.474 +02:00 [INF] Executed ViewResult - view Create executed in 2.6442ms.
2024-09-24 21:10:24.475 +02:00 [INF] Executed action FoodHub.Controllers.ItemController.Create (FoodHub) in 4.3553ms
2024-09-24 21:10:24.475 +02:00 [INF] Executed endpoint 'FoodHub.Controllers.ItemController.Create (FoodHub)'
2024-09-24 21:10:24.475 +02:00 [INF] Request finished HTTP/1.1 POST http://localhost:5237/Item/Create - 200 null text/html; charset=utf-8 6.0652ms
2024-09-24 21:10:24.491 +02:00 [INF] Request starting HTTP/1.1 GET http://localhost:5237/js/jquery-min.js - null null
2024-09-24 21:10:24.492 +02:00 [INF] Request finished HTTP/1.1 GET http://localhost:5237/js/jquery-min.js - 404 0 null 1.215ms
2024-09-24 21:10:24.492 +02:00 [INF] Request reached the end of the middleware pipeline without being handled by application code. Request path: GET http://localhost:5237/js/jquery-min.js, Response status code: 404
2024-09-24 21:10:24.753 +02:00 [INF] Request starting HTTP/1.1 POST http://localhost:5237/Item/Create - application/x-www-form-urlencoded 425
2024-09-24 21:10:24.753 +02:00 [INF] Executing endpoint 'FoodHub.Controllers.ItemController.Create (FoodHub)'
2024-09-24 21:10:24.753 +02:00 [INF] Route matched with {action = "Create", controller = "Item"}. Executing controller action with signature System.Threading.Tasks.Task`1[Microsoft.AspNetCore.Mvc.IActionResult] Create(FoodHub.Models.Item) on controller FoodHub.Controllers.ItemController (FoodHub).
2024-09-24 21:10:24.753 +02:00 [WRN] [ItemController] Item creation failed {"ItemId":0,"Name":"##","Price":0,"Description":"fhjjdkshfjkdhfjdshfkhdjskfhjkdshfjkdshjkdhfkjsdhfjkhkjsdfhjkdshfjhdsljfhadkfjhdaskjflhdsajklfhdaskjfhsdaklfjhdslukafheuwhfluiwfhaeluidsfhadsifhdasfhladfuhasdjklfhdlsakjfhuiewlfhjkalsiudzxfkjhwaliufhja","ImageUrl":null,"OrderItems":null,"$type":"Item"}
2024-09-24 21:10:24.753 +02:00 [INF] Executing ViewResult, running view Create.
2024-09-24 21:10:24.754 +02:00 [INF] Executed ViewResult - view Create executed in 0.7917ms.
2024-09-24 21:10:24.754 +02:00 [INF] Executed action FoodHub.Controllers.ItemController.Create (FoodHub) in 1.3416ms
2024-09-24 21:10:24.754 +02:00 [INF] Executed endpoint 'FoodHub.Controllers.ItemController.Create (FoodHub)'
2024-09-24 21:10:24.754 +02:00 [INF] Request finished HTTP/1.1 POST http://localhost:5237/Item/Create - 200 null text/html; charset=utf-8 1.6285ms
2024-09-24 21:10:24.762 +02:00 [INF] Request starting HTTP/1.1 GET http://localhost:5237/js/jquery-min.js - null null
2024-09-24 21:10:24.762 +02:00 [INF] Request finished HTTP/1.1 GET http://localhost:5237/js/jquery-min.js - 404 0 null 0.2885ms
2024-09-24 21:10:24.762 +02:00 [INF] Request reached the end of the middleware pipeline without being handled by application code. Request path: GET http://localhost:5237/js/jquery-min.js, Response status code: 404
2024-09-24 21:46:51.813 +02:00 [INF] Application is shutting down...
